#
# A fatal error has been detected by the Java Runtime Environment:
#
#  EXCEPTION_ACCESS_VIOLATION (0xc0000005) at pc=0x00007ffebd60f6b6, pid=7132, tid=11160
#
# JRE version: Java(TM) SE Runtime Environment (12.0.2+10) (build 12.0.2+10)
# Java VM: Java HotSpot(TM) 64-Bit Server VM (12.0.2+10, mixed mode, sharing, tiered, compressed oops, g1 gc, windows-amd64)
# Problematic frame:
# V  [jvm.dll+0x36f6b6]
#
# No core dump will be written. Minidumps are not enabled by default on client versions of Windows
#
# If you would like to submit a bug report, please visit:
#   http://bugreport.java.com/bugreport/crash.jsp
#

---------------  S U M M A R Y ------------

Command Line: --add-opens=java.base/java.util=ALL-UNNAMED --add-opens=java.base/java.lang=ALL-UNNAMED --add-opens=java.base/java.lang.invoke=ALL-UNNAMED --add-opens=java.prefs/java.util.prefs=ALL-UNNAMED -XX:MaxMetaspaceSize=256m -XX:+HeapDumpOnOutOfMemoryError -Xms256m -Xmx512m -Dfile.encoding=windows-1251 -Duser.country=US -Duser.language=en -Duser.variant org.gradle.launcher.daemon.bootstrap.GradleDaemon 6.8.3

Host: Intel(R) Core(TM) i7-3820 CPU @ 3.60GHz, 8 cores, 15G,  Windows 10 , 64 bit Build 19041 (10.0.19041.928)
Time: Wed Apr 21 17:09:13 2021 Russia TZ 2 Standard Time elapsed time: 7 seconds (0d 0h 0m 7s)

---------------  T H R E A D  ---------------

Current thread (0x000001a360b55000):  ConcurrentGCThread "G1 Refine#1" [stack: 0x00000043db500000,0x00000043db600000] [id=11160]

Stack: [0x00000043db500000,0x00000043db600000],  sp=0x00000043db5ff940,  free space=1022k
Native frames: (J=compiled Java code, j=interpreted, Vv=VM code, C=native code)
V  [jvm.dll+0x36f6b6]
V  [jvm.dll+0x36f708]
V  [jvm.dll+0x36f92b]
V  [jvm.dll+0x32ede1]
V  [jvm.dll+0x330af8]
V  [jvm.dll+0x2cbe87]
V  [jvm.dll+0x2cbd10]
V  [jvm.dll+0x2cc1b5]
V  [jvm.dll+0x308954]
V  [jvm.dll+0x2388a6]
V  [jvm.dll+0x74a2c8]
V  [jvm.dll+0x639b16]
C  [ucrtbase.dll+0x21bb2]
C  [KERNEL32.DLL+0x17034]
C  [ntdll.dll+0x52651]


siginfo: EXCEPTION_ACCESS_VIOLATION (0xc0000005), reading address 0x0000000000000008


Register to memory mapping:

RIP=0x00007ffebd60f6b6 jvm.dll
RAX=0x0 is NULL
RBX=0x00000000e168f2f8 points into unknown readable memory: 19 00 00 00 00 00 00 00
RCX=
[error occurred during error reporting (printing register info), id 0xc0000005, EXCEPTION_ACCESS_VIOLATION (0xc0000005) at pc=0x00007ffebd60f6b6]

Registers:
RAX=0x0000000000000000, RBX=0x00000000e168f2f8, RCX=0x00000000e1700000, RDX=0x00000043db5ff960
RSP=0x00000043db5ff940, RBP=0x00000043db5ffaa0, RSI=0x000001a34432c478, RDI=0x000001a34432c420
R8 =0x0000000000020000, R9 =0x000001a35ba20000, R10=0x000001a35bc2bcb4, R11=0x0000000000000017
R12=0x00000000e1796a00, R13=0x0000000000000000, R14=0x000001a34432c420, R15=0x0000000000000009
RIP=0x00007ffebd60f6b6, EFLAGS=0x0000000000010283

Top of Stack: (sp=0x00000043db5ff940)
0x00000043db5ff940:   00000000e17bbe6c 000001a3632ea8f0
0x00000043db5ff950:   00000000e17bc484 000001a3632e9d10
0x00000043db5ff960:   00000000e1700000 0000000000020000
0x00000043db5ff970:   000001a34432c420 00007ffebd60f708
0x00000043db5ff980:   00000000e168f2f8 000001a34432c478
0x00000043db5ff990:   00000000e17bbe70 00007ffebd5c8400
0x00000043db5ff9a0:   00000000e1796800 00007ffebd60f92b
0x00000043db5ff9b0:   00000000e17bbe6c 00000000e168f2f8
0x00000043db5ff9c0:   00007ffebd2a0000 000001a34432c420
0x00000043db5ff9d0:   000001a35bb2bcb4 00007ffebd5cede1
0x00000043db5ff9e0:   00000043db5ffa90 000001a3442d3460
0x00000043db5ff9f0:   00000000e17bbfc0 00007ffefd2b431d
0x00000043db5ffa00:   000001a3664b00e0 00007ffebd8ae015
0x00000043db5ffa10:   00000000e17bc400 0000000000000040
0x00000043db5ffa20:   000001a367af9b20 00007ffebd8da2d9
0x00000043db5ffa30:   0000000000000000 0000000000000009 

Instructions: (pc=0x00007ffebd60f6b6)
0x00007ffebd60f5b6:   c3 33 c0 48 83 c4 30 5b c3 cc 48 89 5c 24 08 48
0x00007ffebd60f5c6:   89 74 24 10 57 48 83 ec 30 48 8b da 48 8b f9 e8
0x00007ffebd60f5d6:   46 d2 2d 00 4c 8b 07 48 8d 54 24 20 48 8b cf 48
0x00007ffebd60f5e6:   8b f0 41 ff 50 28 48 8b 08 48 3b d9 0f 82 b2 00
0x00007ffebd60f5f6:   00 00 4c 8b 40 08 4a 8d 14 c1 48 3b da 0f 83 a1
0x00007ffebd60f606:   00 00 00 80 3d c9 44 6a 00 00 74 7e 48 3b 9f 58
0x00007ffebd60f616:   01 00 00 73 63 48 8b 86 d8 03 00 00 48 8b 90 98
0x00007ffebd60f626:   00 00 00 48 2b 5a 08 8b 4a 18 48 8b 52 20 48 c1
0x00007ffebd60f636:   eb 03 48 d3 eb 0f b6 c3 4c 8b c3 24 3f 49 c1 e8
0x00007ffebd60f646:   06 0f b6 c8 4a 8b 04 c2 48 0f a3 c8 72 2a 8b 87
0x00007ffebd60f656:   04 01 00 00 83 f8 28 74 1f 8b 87 04 01 00 00 c1
0x00007ffebd60f666:   e8 05 a8 01 75 12 32 c0 48 8b 5c 24 40 48 8b 74
0x00007ffebd60f676:   24 48 48 83 c4 30 5f c3 b0 01 48 8b 5c 24 40 48
0x00007ffebd60f686:   8b 74 24 48 48 83 c4 30 5f c3 48 8b 47 50 48 3b
0x00007ffebd60f696:   d8 0f 92 c0 48 8b 5c 24 40 48 8b 74 24 48 48 83
0x00007ffebd60f6a6:   c4 30 5f c3 48 8b 87 08 01 00 00 48 8b 74 24 48
0x00007ffebd60f6b6:   48 3b 58 08 48 8b 5c 24 40 0f 94 c0 48 83 c4 30
0x00007ffebd60f6c6:   5f c3 cc cc cc cc cc cc cc cc 48 89 5c 24 10 57
0x00007ffebd60f6d6:   48 83 ec 20 48 8b 41 50 48 8b da 48 8b f9 48 3b
0x00007ffebd60f6e6:   d0 75 16 48 8b 41 10 48 2b c2 48 c1 e8 03 48 8b
0x00007ffebd60f6f6:   5c 24 38 48 83 c4 20 5f c3 48 8b 01 ff 90 a0 00
0x00007ffebd60f706:   00 00 84 c0 74 4a 80 3d de 77 72 00 00 74 28 8b
0x00007ffebd60f716:   0d 0d f3 6b 00 8b 53 08 48 d3 e2 48 8b cb 48 03
0x00007ffebd60f726:   15 f5 f2 6b 00 e8 10 3a e3 ff 48 98 48 8b 5c 24
0x00007ffebd60f736:   38 48 83 c4 20 5f c3 48 8b 53 08 48 8b cb e8 f7
0x00007ffebd60f746:   39 e3 ff 48 98 48 8b 5c 24 38 48 83 c4 20 5f c3
0x00007ffebd60f756:   48 89 74 24 30 e8 c0 d0 2d 00 4c 8b 8f 58 01 00
0x00007ffebd60f766:   00 48 8b 88 d8 03 00 00 b8 08 00 00 00 4c 8b 91
0x00007ffebd60f776:   98 00 00 00 45 8b 5a 18 41 8b cb 49 8b 72 08 d3
0x00007ffebd60f786:   e0 4c 2b ce ff c8 49 c1 e9 03 48 63 c8 48 8d 04
0x00007ffebd60f796:   19 48 f7 d1 48 23 c1 41 8b cb 48 2b c6 49 d3 e9
0x00007ffebd60f7a6:   48 c1 e8 03 48 d3 e8 49 3b c1 73 77 4d 8b 52 20 


Stack slot to memory mapping:
stack at sp + 0 slots: 0x00000000e17bbe6c is pointing into object: com.google.common.collect.SingletonImmutableSet 
{0x00000000e17bbe58} - klass: 'com/google/common/collect/SingletonImmutableSet'
stack at sp + 1 slots: 0x000001a3632ea8f0 points into unknown readable memory: 20 c4 32 44 a3 01 00 00
stack at sp + 2 slots: 0x00000000e17bc484 points into unknown readable memory: 10 f5 65 e7
stack at sp + 3 slots: 0x000001a3632e9d10 points into unknown readable memory: 20 c4 32 44 a3 01 00 00
stack at sp + 4 slots: 
[error occurred during error reporting (inspecting top of stack), id 0xc0000005, EXCEPTION_ACCESS_VIOLATION (0xc0000005) at pc=0x00007ffebd60f6b6]


---------------  P R O C E S S  ---------------

Threads class SMR info:
_java_thread_list=0x000001a366fa72e0, length=68, elements={
0x000001a34230e800, 0x000001a35f747800, 0x000001a35f748800, 0x000001a35f764800,
0x000001a35f766800, 0x000001a35f768000, 0x000001a35f76b800, 0x000001a35f795000,
0x000001a3601b7800, 0x000001a3601ef000, 0x000001a362737000, 0x000001a362e18800,
0x000001a362273000, 0x000001a361f6b800, 0x000001a361ad4800, 0x000001a362c37800,
0x000001a36114b800, 0x000001a3617c4000, 0x000001a361b18000, 0x000001a36274d800,
0x000001a361d9f800, 0x000001a361da3000, 0x000001a361da0800, 0x000001a361b82000,
0x000001a361da4800, 0x000001a361d9f000, 0x000001a361da4000, 0x000001a361da1800,
0x000001a361f7a000, 0x000001a361da2000, 0x000001a361da5800, 0x000001a36363d800,
0x000001a363641000, 0x000001a36363b000, 0x000001a363641800, 0x000001a363644000,
0x000001a36363e800, 0x000001a363645000, 0x000001a363642800, 0x000001a363643800,
0x000001a363640000, 0x000001a36363f800, 0x000001a363648800, 0x000001a363646800,
0x000001a363646000, 0x000001a363647800, 0x000001a363649000, 0x000001a36364a000,
0x000001a363a04000, 0x000001a363a02000, 0x000001a363a04800, 0x000001a363a07000,
0x000001a363a05800, 0x000001a363a06800, 0x000001a363a09000, 0x000001a363a08000,
0x000001a363a03000, 0x000001a366d81800, 0x000001a366d80000, 0x000001a366d84000,
0x000001a366d7e800, 0x000001a366d82800, 0x000001a366d85000, 0x000001a366d7f000,
0x000001a366d86800, 0x000001a366d83800, 0x000001a366d81000, 0x000001a366d87800
}

Java Threads: ( => current thread )
  0x000001a34230e800 JavaThread "main" [_thread_blocked, id=11144, stack(0x00000043d6000000,0x00000043d6100000)]
  0x000001a35f747800 JavaThread "Reference Handler" daemon [_thread_blocked, id=1120, stack(0x00000043d6700000,0x00000043d6800000)]
  0x000001a35f748800 JavaThread "Finalizer" daemon [_thread_blocked, id=4996, stack(0x00000043d6800000,0x00000043d6900000)]
  0x000001a35f764800 JavaThread "Signal Dispatcher" daemon [_thread_blocked, id=6132, stack(0x00000043d6900000,0x00000043d6a00000)]
  0x000001a35f766800 JavaThread "Attach Listener" daemon [_thread_blocked, id=3436, stack(0x00000043d6a00000,0x00000043d6b00000)]
  0x000001a35f768000 JavaThread "C2 CompilerThread0" daemon [_thread_blocked, id=13256, stack(0x00000043d6b00000,0x00000043d6c00000)]
  0x000001a35f76b800 JavaThread "C1 CompilerThread0" daemon [_thread_blocked, id=16744, stack(0x00000043d6c00000,0x00000043d6d00000)]
  0x000001a35f795000 JavaThread "Sweeper thread" daemon [_thread_blocked, id=13288, stack(0x00000043d6d00000,0x00000043d6e00000)]
  0x000001a3601b7800 JavaThread "Common-Cleaner" daemon [_thread_blocked, id=10512, stack(0x00000043d6e00000,0x00000043d6f00000)]
  0x000001a3601ef000 JavaThread "Service Thread" daemon [_thread_blocked, id=1936, stack(0x00000043d6f00000,0x00000043d7000000)]
  0x000001a362737000 JavaThread "Daemon health stats" [_thread_blocked, id=15172, stack(0x00000043d7800000,0x00000043d7900000)]
  0x000001a362e18800 JavaThread "Incoming local TCP Connector on port 53948" [_thread_in_native, id=13404, stack(0x00000043d7900000,0x00000043d7a00000)]
  0x000001a362273000 JavaThread "Daemon periodic checks" [_thread_blocked, id=16972, stack(0x00000043d7a00000,0x00000043d7b00000)]
  0x000001a361f6b800 JavaThread "Daemon" [_thread_blocked, id=6204, stack(0x00000043d7b00000,0x00000043d7c00000)]
  0x000001a361ad4800 JavaThread "Handler for socket connection from /127.0.0.1:53948 to /127.0.0.1:53949" [_thread_in_native, id=10504, stack(0x00000043d7c00000,0x00000043d7d00000)]
  0x000001a362c37800 JavaThread "Cancel handler" [_thread_blocked, id=15180, stack(0x00000043d7d00000,0x00000043d7e00000)]
  0x000001a36114b800 JavaThread "Daemon worker" [_thread_blocked, id=1320, stack(0x00000043d7e00000,0x00000043d7f00000)]
  0x000001a3617c4000 JavaThread "Asynchronous log dispatcher for DefaultDaemonConnection: socket connection from /127.0.0.1:53948 to /127.0.0.1:53949" [_thread_blocked, id=16748, stack(0x00000043d7f00000,0x00000043d8000000)]
  0x000001a361b18000 JavaThread "Stdin handler" [_thread_blocked, id=692, stack(0x00000043d8000000,0x00000043d8100000)]
  0x000001a36274d800 JavaThread "Daemon client event forwarder" [_thread_blocked, id=15888, stack(0x00000043d8100000,0x00000043d8200000)]
  0x000001a361d9f800 JavaThread "Cache worker for file hash cache (C:\Users\Andrey\.gradle\caches\6.8.3\fileHashes)" [_thread_blocked, id=16548, stack(0x00000043d8200000,0x00000043d8300000)]
  0x000001a361da3000 JavaThread "File lock request listener" [_thread_in_native, id=13264, stack(0x00000043d8300000,0x00000043d8400000)]
  0x000001a361da0800 JavaThread "Cache worker for journal cache (C:\Users\Andrey\.gradle\caches\journal-1)" [_thread_blocked, id=12852, stack(0x00000043d8400000,0x00000043d8500000)]
  0x000001a361b82000 JavaThread "C2 CompilerThread1" daemon [_thread_in_native, id=15568, stack(0x00000043d8500000,0x00000043d8600000)]
  0x000001a361da4800 JavaThread "Cache worker for file hash cache (C:\Users\Andrey\IdeaProjects\newsagregator\.gradle\6.8.3\fileHashes)" [_thread_blocked, id=15192, stack(0x00000043d8600000,0x00000043d8700000)]
  0x000001a361d9f000 JavaThread "Cache worker for checksums cache (C:\Users\Andrey\IdeaProjects\newsagregator\.gradle\checksums)" [_thread_blocked, id=10516, stack(0x00000043d8700000,0x00000043d8800000)]
  0x000001a361da4000 JavaThread "Cache worker for cache directory md-supplier (C:\Users\Andrey\.gradle\caches\6.8.3\md-supplier)" [_thread_blocked, id=11864, stack(0x00000043d8800000,0x00000043d8900000)]
  0x000001a361da1800 JavaThread "Cache worker for cache directory md-rule (C:\Users\Andrey\.gradle\caches\6.8.3\md-rule)" [_thread_blocked, id=12412, stack(0x00000043d8b00000,0x00000043d8c00000)]
  0x000001a361f7a000 JavaThread "C2 CompilerThread2" daemon [_thread_in_native, id=14320, stack(0x00000043d8c00000,0x00000043d8d00000)]
  0x000001a361da2000 JavaThread "Cache worker for execution history cache (C:\Users\Andrey\.gradle\caches\6.8.3\executionHistory)" [_thread_blocked, id=14268, stack(0x00000043d8d00000,0x00000043d8e00000)]
  0x000001a361da5800 JavaThread "jar transforms" [_thread_blocked, id=1796, stack(0x00000043d8f00000,0x00000043d9000000)]
  0x000001a36363d800 JavaThread "Cache worker for file content cache (C:\Users\Andrey\.gradle\caches\6.8.3\fileContent)" [_thread_blocked, id=11456, stack(0x00000043d9000000,0x00000043d9100000)]
  0x000001a363641000 JavaThread "Cache worker for Build Output Cleanup Cache (C:\Users\Andrey\IdeaProjects\newsagregator\.gradle\buildOutputCleanup)" [_thread_blocked, id=10312, stack(0x00000043d9100000,0x00000043d9200000)]
  0x000001a36363b000 JavaThread "Build operations" [_thread_blocked, id=1696, stack(0x00000043d9200000,0x00000043d9300000)]
  0x000001a363641800 JavaThread "Build operations Thread 2" [_thread_blocked, id=13972, stack(0x00000043d9300000,0x00000043d9400000)]
  0x000001a363644000 JavaThread "Build operations Thread 3" [_thread_blocked, id=10192, stack(0x00000043d9400000,0x00000043d9500000)]
  0x000001a36363e800 JavaThread "Build operations Thread 4" [_thread_blocked, id=12028, stack(0x00000043d9500000,0x00000043d9600000)]
  0x000001a363645000 JavaThread "Build operations Thread 5" [_thread_blocked, id=5872, stack(0x00000043d9600000,0x00000043d9700000)]
  0x000001a363642800 JavaThread "Build operations Thread 6" [_thread_blocked, id=6120, stack(0x00000043d9700000,0x00000043d9800000)]
  0x000001a363643800 JavaThread "Build operations Thread 7" [_thread_blocked, id=15852, stack(0x00000043d9800000,0x00000043d9900000)]
  0x000001a363640000 JavaThread "Build operations Thread 8" [_thread_blocked, id=388, stack(0x00000043d9900000,0x00000043d9a00000)]
  0x000001a36363f800 JavaThread "jar transforms Thread 2" [_thread_blocked, id=12352, stack(0x00000043d9a00000,0x00000043d9b00000)]
  0x000001a363648800 JavaThread "jar transforms Thread 3" [_thread_blocked, id=464, stack(0x00000043d9b00000,0x00000043d9c00000)]
  0x000001a363646800 JavaThread "jar transforms Thread 4" [_thread_blocked, id=10884, stack(0x00000043d9c00000,0x00000043d9d00000)]
  0x000001a363646000 JavaThread "jar transforms Thread 5" [_thread_blocked, id=4212, stack(0x00000043d9d00000,0x00000043d9e00000)]
  0x000001a363647800 JavaThread "jar transforms Thread 6" [_thread_blocked, id=7916, stack(0x00000043d9e00000,0x00000043d9f00000)]
  0x000001a363649000 JavaThread "jar transforms Thread 7" [_thread_blocked, id=15796, stack(0x00000043d9f00000,0x00000043da000000)]
  0x000001a36364a000 JavaThread "jar transforms Thread 8" [_thread_blocked, id=13032, stack(0x00000043da000000,0x00000043da100000)]
  0x000001a363a04000 JavaThread "jar transforms Thread 9" [_thread_blocked, id=11852, stack(0x00000043da100000,0x00000043da200000)]
  0x000001a363a02000 JavaThread "jar transforms Thread 10" [_thread_blocked, id=2728, stack(0x00000043da200000,0x00000043da300000)]
  0x000001a363a04800 JavaThread "jar transforms Thread 11" [_thread_blocked, id=11388, stack(0x00000043da300000,0x00000043da400000)]
  0x000001a363a07000 JavaThread "jar transforms Thread 12" [_thread_blocked, id=13260, stack(0x00000043da400000,0x00000043da500000)]
  0x000001a363a05800 JavaThread "jar transforms Thread 13" [_thread_blocked, id=3416, stack(0x00000043da500000,0x00000043da600000)]
  0x000001a363a06800 JavaThread "jar transforms Thread 14" [_thread_blocked, id=2848, stack(0x00000043da600000,0x00000043da700000)]
  0x000001a363a09000 JavaThread "jar transforms Thread 15" [_thread_blocked, id=2280, stack(0x00000043da700000,0x00000043da800000)]
  0x000001a363a08000 JavaThread "jar transforms Thread 16" [_thread_blocked, id=3844, stack(0x00000043da800000,0x00000043da900000)]
  0x000001a363a03000 JavaThread "jar transforms Thread 17" [_thread_blocked, id=16240, stack(0x00000043da900000,0x00000043daa00000)]
  0x000001a366d81800 JavaThread "Memory manager" [_thread_blocked, id=12024, stack(0x00000043daa00000,0x00000043dab00000)]
  0x000001a366d80000 JavaThread "Execution worker for ':'" [_thread_blocked, id=8012, stack(0x00000043dab00000,0x00000043dac00000)]
  0x000001a366d84000 JavaThread "Execution worker for ':' Thread 2" [_thread_blocked, id=7284, stack(0x00000043dac00000,0x00000043dad00000)]
  0x000001a366d7e800 JavaThread "Execution worker for ':' Thread 3" [_thread_blocked, id=8604, stack(0x00000043dad00000,0x00000043dae00000)]
  0x000001a366d82800 JavaThread "Execution worker for ':' Thread 4" [_thread_blocked, id=10088, stack(0x00000043dae00000,0x00000043daf00000)]
  0x000001a366d85000 JavaThread "Execution worker for ':' Thread 5" [_thread_blocked, id=2640, stack(0x00000043daf00000,0x00000043db000000)]
  0x000001a366d7f000 JavaThread "Execution worker for ':' Thread 6" [_thread_blocked, id=13240, stack(0x00000043db000000,0x00000043db100000)]
  0x000001a366d86800 JavaThread "Execution worker for ':' Thread 7" [_thread_blocked, id=12496, stack(0x00000043db100000,0x00000043db200000)]
  0x000001a366d83800 JavaThread "Cache worker for execution history cache (C:\Users\Andrey\IdeaProjects\newsagregator\.gradle\6.8.3\executionHistory)" [_thread_blocked, id=17384, stack(0x00000043db200000,0x00000043db300000)]
  0x000001a366d81000 JavaThread "Cache worker for Java compile cache (C:\Users\Andrey\.gradle\caches\6.8.3\javaCompile)" [_thread_blocked, id=12668, stack(0x00000043db300000,0x00000043db400000)]
  0x000001a366d87800 JavaThread "Cache worker for Java compile cache (C:\Users\Andrey\IdeaProjects\newsagregator\.gradle\6.8.3\javaCompile)" [_thread_blocked, id=14412, stack(0x00000043db400000,0x00000043db500000)]

Other Threads:
  0x000001a35f73f800 VMThread "VM Thread" [stack: 0x00000043d6600000,0x00000043d6700000] [id=14012]
  0x000001a3601f0800 WatcherThread [stack: 0x00000043d7000000,0x00000043d7100000] [id=16252]
  0x000001a3442e8800 GCTaskThread "GC Thread#0" [stack: 0x00000043d6100000,0x00000043d6200000] [id=11932]
  0x000001a360b50800 GCTaskThread "GC Thread#1" [stack: 0x00000043d7200000,0x00000043d7300000] [id=16012]
  0x000001a360b51800 GCTaskThread "GC Thread#2" [stack: 0x00000043d7300000,0x00000043d7400000] [id=13244]
  0x000001a360b4f000 GCTaskThread "GC Thread#3" [stack: 0x00000043d7400000,0x00000043d7500000] [id=11172]
  0x000001a360b50000 GCTaskThread "GC Thread#4" [stack: 0x00000043d7500000,0x00000043d7600000] [id=7836]
  0x000001a360b53800 GCTaskThread "GC Thread#5" [stack: 0x00000043d7600000,0x00000043d7700000] [id=304]
  0x000001a360b4e800 GCTaskThread "GC Thread#6" [stack: 0x00000043d8900000,0x00000043d8a00000] [id=5048]
  0x000001a360b52000 GCTaskThread "GC Thread#7" [stack: 0x00000043d8a00000,0x00000043d8b00000] [id=15064]
  0x000001a3442ee000 ConcurrentGCThread "G1 Main Marker" [stack: 0x00000043d6200000,0x00000043d6300000] [id=13808]
  0x000001a3442f6800 ConcurrentGCThread "G1 Conc#0" [stack: 0x00000043d6300000,0x00000043d6400000] [id=7164]
  0x000001a360b53000 ConcurrentGCThread "G1 Conc#1" [stack: 0x00000043d8e00000,0x00000043d8f00000] [id=11576]
  0x000001a35f5f4800 ConcurrentGCThread "G1 Refine#0" [stack: 0x00000043d6400000,0x00000043d6500000] [id=2376]
=>0x000001a360b55000 ConcurrentGCThread "G1 Refine#1" [stack: 0x00000043db500000,0x00000043db600000] [id=11160]
  0x000001a362007800 ConcurrentGCThread "G1 Refine#2" [stack: 0x00000043db600000,0x00000043db700000] [id=3964]
  0x000001a35f5f5800 ConcurrentGCThread "G1 Young RemSet Sampling" [stack: 0x00000043d6500000,0x00000043d6600000] [id=8416]

Threads with active compile tasks:
C2 CompilerThread0  6681       4       java.lang.String::endsWith (15 bytes)
C1 CompilerThread0  6679       3       java.util.JumboEnumSet$EnumSetIterator::next (74 bytes)
C2 CompilerThread1  6671   !   4       jdk.internal.loader.BuiltinClassLoader::loadClassOrNull (143 bytes)
C2 CompilerThread2  6532       4       org.gradle.api.internal.tasks.compile.incremental.deps.ClassSetAnalysisData$Serializer::readDependentsSet (118 bytes)

VM state:not at safepoint (normal execution)

VM Mutex/Monitor currently owned by a thread:  ([mutex/lock_event])
[0x000001a3442c1580] Compile_lock - owner thread: 0x000001a366d85000

Heap address: 0x00000000e0000000, size: 512 MB, Compressed Oops mode: 32-bit
Narrow klass base: 0x0000000800000000, Narrow klass shift: 3
Compressed class space size: 260046848 Address: 0x0000000801190000

Heap:
 garbage-first heap   total 262144K, used 48674K [0x00000000e0000000, 0x0000000100000000)
  region size 1024K, 23 young (23552K), 19 survivors (19456K)
 Metaspace       used 48654K, capacity 50321K, committed 50432K, reserved 296960K
  class space    used 6711K, capacity 7330K, committed 7424K, reserved 253952K
Heap Regions: E=young(eden), S=young(survivor), O=old, HS=humongous(starts), HC=humongous(continues), CS=collection set, F=free, A=archive, TAMS=top-at-mark-start (previous, next)
|   0|0x00000000e0000000, 0x00000000e0100000, 0x00000000e0100000|100%| O|  |TAMS 0x00000000e0100000, 0x00000000e0000000| Untracked 
|   1|0x00000000e0100000, 0x00000000e0200000, 0x00000000e0200000|100%| O|  |TAMS 0x00000000e0200000, 0x00000000e0100000| Untracked 
|   2|0x00000000e0200000, 0x00000000e0300000, 0x00000000e0300000|100%| O|  |TAMS 0x00000000e0300000, 0x00000000e0200000| Untracked 
|   3|0x00000000e0300000, 0x00000000e0400000, 0x00000000e0400000|100%|HS|  |TAMS 0x00000000e0400000, 0x00000000e0300000| Complete 
|   4|0x00000000e0400000, 0x00000000e0500000, 0x00000000e0500000|100%|HC|  |TAMS 0x00000000e0500000, 0x00000000e0400000| Complete 
|   5|0x00000000e0500000, 0x00000000e0600000, 0x00000000e0600000|100%|HC|  |TAMS 0x00000000e0600000, 0x00000000e0500000| Complete 
|   6|0x00000000e0600000, 0x00000000e0700000, 0x00000000e0700000|100%| O|  |TAMS 0x00000000e0700000, 0x00000000e0600000| Untracked 
|   7|0x00000000e0700000, 0x00000000e0800000, 0x00000000e0800000|100%| O|  |TAMS 0x00000000e0800000, 0x00000000e0700000| Untracked 
|   8|0x00000000e0800000, 0x00000000e0900000, 0x00000000e0900000|100%| O|  |TAMS 0x00000000e0900000, 0x00000000e0800000| Untracked 
|   9|0x00000000e0900000, 0x00000000e0a00000, 0x00000000e0a00000|100%| O|  |TAMS 0x00000000e0900000, 0x00000000e0900000| Untracked 
|  10|0x00000000e0a00000, 0x00000000e0b00000, 0x00000000e0b00000|100%| O|  |TAMS 0x00000000e0a00000, 0x00000000e0a00000| Untracked 
|  11|0x00000000e0b00000, 0x00000000e0c00000, 0x00000000e0c00000|100%| O|  |TAMS 0x00000000e0b00000, 0x00000000e0b00000| Untracked 
|  12|0x00000000e0c00000, 0x00000000e0d00000, 0x00000000e0d00000|100%| O|  |TAMS 0x00000000e0c00000, 0x00000000e0c00000| Untracked 
|  13|0x00000000e0d00000, 0x00000000e0e00000, 0x00000000e0e00000|100%| O|  |TAMS 0x00000000e0e00000, 0x00000000e0d00000| Untracked 
|  14|0x00000000e0e00000, 0x00000000e0f00000, 0x00000000e0f00000|100%| O|  |TAMS 0x00000000e0f00000, 0x00000000e0e00000| Untracked 
|  15|0x00000000e0f00000, 0x00000000e1000000, 0x00000000e1000000|100%| O|  |TAMS 0x00000000e1000000, 0x00000000e0f00000| Untracked 
|  16|0x00000000e1000000, 0x00000000e1100000, 0x00000000e1100000|100%| O|  |TAMS 0x00000000e1100000, 0x00000000e1000000| Untracked 
|  17|0x00000000e1100000, 0x00000000e1200000, 0x00000000e1200000|100%| O|  |TAMS 0x00000000e1200000, 0x00000000e1100000| Untracked 
|  18|0x00000000e1200000, 0x00000000e1300000, 0x00000000e1300000|100%| O|  |TAMS 0x00000000e1300000, 0x00000000e1200000| Untracked 
|  19|0x00000000e1300000, 0x00000000e1400000, 0x00000000e1400000|100%| O|  |TAMS 0x00000000e1400000, 0x00000000e1300000| Untracked 
|  20|0x00000000e1400000, 0x00000000e1500000, 0x00000000e1500000|100%| O|  |TAMS 0x00000000e1500000, 0x00000000e1400000| Untracked 
|  21|0x00000000e1500000, 0x00000000e1600000, 0x00000000e1600000|100%| O|  |TAMS 0x00000000e1583008, 0x00000000e1500000| Untracked 
|  22|0x00000000e1600000, 0x00000000e1700000, 0x00000000e1700000|100%| O|  |TAMS 0x00000000e1600000, 0x00000000e1600000| Untracked 
|  23|0x00000000e1700000, 0x00000000e1800000, 0x00000000e1800000|100%| O|  |TAMS 0x00000000e1700000, 0x00000000e1700000| Untracked 
|  24|0x00000000e1800000, 0x00000000e1900000, 0x00000000e1900000|100%| O|  |TAMS 0x00000000e1800000, 0x00000000e1800000| Untracked 
|  25|0x00000000e1900000, 0x00000000e1988a00, 0x00000000e1a00000| 53%| O|  |TAMS 0x00000000e1900000, 0x00000000e1900000| Untracked 
|  26|0x00000000e1a00000, 0x00000000e1a00000, 0x00000000e1b00000|  0%| F|  |TAMS 0x00000000e1a00000, 0x00000000e1a00000| Untracked 
|  27|0x00000000e1b00000, 0x00000000e1b00000, 0x00000000e1c00000|  0%| F|  |TAMS 0x00000000e1b00000, 0x00000000e1b00000| Untracked 
|  28|0x00000000e1c00000, 0x00000000e1c00000, 0x00000000e1d00000|  0%| F|  |TAMS 0x00000000e1c00000, 0x00000000e1c00000| Untracked 
|  29|0x00000000e1d00000, 0x00000000e1d00000, 0x00000000e1e00000|  0%| F|  |TAMS 0x00000000e1d00000, 0x00000000e1d00000| Untracked 
|  30|0x00000000e1e00000, 0x00000000e1e00000, 0x00000000e1f00000|  0%| F|  |TAMS 0x00000000e1e00000, 0x00000000e1e00000| Untracked 
|  31|0x00000000e1f00000, 0x00000000e1f00000, 0x00000000e2000000|  0%| F|  |TAMS 0x00000000e1f00000, 0x00000000e1f00000| Untracked 
|  32|0x00000000e2000000, 0x00000000e2000000, 0x00000000e2100000|  0%| F|  |TAMS 0x00000000e2000000, 0x00000000e2000000| Untracked 
|  33|0x00000000e2100000, 0x00000000e2100000, 0x00000000e2200000|  0%| F|  |TAMS 0x00000000e2100000, 0x00000000e2100000| Untracked 
|  34|0x00000000e2200000, 0x00000000e2200000, 0x00000000e2300000|  0%| F|  |TAMS 0x00000000e2200000, 0x00000000e2200000| Untracked 
|  35|0x00000000e2300000, 0x00000000e2300000, 0x00000000e2400000|  0%| F|  |TAMS 0x00000000e2300000, 0x00000000e2300000| Untracked 
|  36|0x00000000e2400000, 0x00000000e2400000, 0x00000000e2500000|  0%| F|  |TAMS 0x00000000e2400000, 0x00000000e2400000| Untracked 
|  37|0x00000000e2500000, 0x00000000e2500000, 0x00000000e2600000|  0%| F|  |TAMS 0x00000000e2500000, 0x00000000e2500000| Untracked 
|  38|0x00000000e2600000, 0x00000000e2600000, 0x00000000e2700000|  0%| F|  |TAMS 0x00000000e2600000, 0x00000000e2600000| Untracked 
|  39|0x00000000e2700000, 0x00000000e2700000, 0x00000000e2800000|  0%| F|  |TAMS 0x00000000e2700000, 0x00000000e2700000| Untracked 
|  40|0x00000000e2800000, 0x00000000e2800000, 0x00000000e2900000|  0%| F|  |TAMS 0x00000000e2800000, 0x00000000e2800000| Untracked 
|  41|0x00000000e2900000, 0x00000000e2900000, 0x00000000e2a00000|  0%| F|  |TAMS 0x00000000e2900000, 0x00000000e2900000| Untracked 
|  42|0x00000000e2a00000, 0x00000000e2a00000, 0x00000000e2b00000|  0%| F|  |TAMS 0x00000000e2a00000, 0x00000000e2a00000| Untracked 
|  43|0x00000000e2b00000, 0x00000000e2b00000, 0x00000000e2c00000|  0%| F|  |TAMS 0x00000000e2b00000, 0x00000000e2b00000| Untracked 
|  44|0x00000000e2c00000, 0x00000000e2c00000, 0x00000000e2d00000|  0%| F|  |TAMS 0x00000000e2c00000, 0x00000000e2c00000| Untracked 
|  45|0x00000000e2d00000, 0x00000000e2d00000, 0x00000000e2e00000|  0%| F|  |TAMS 0x00000000e2d00000, 0x00000000e2d00000| Untracked 
|  46|0x00000000e2e00000, 0x00000000e2e00000, 0x00000000e2f00000|  0%| F|  |TAMS 0x00000000e2e00000, 0x00000000e2e00000| Untracked 
|  47|0x00000000e2f00000, 0x00000000e2f00000, 0x00000000e3000000|  0%| F|  |TAMS 0x00000000e2f00000, 0x00000000e2f00000| Untracked 
|  48|0x00000000e3000000, 0x00000000e3000000, 0x00000000e3100000|  0%| F|  |TAMS 0x00000000e3000000, 0x00000000e3000000| Untracked 
|  49|0x00000000e3100000, 0x00000000e3100000, 0x00000000e3200000|  0%| F|  |TAMS 0x00000000e3100000, 0x00000000e3100000| Untracked 
|  50|0x00000000e3200000, 0x00000000e3200000, 0x00000000e3300000|  0%| F|  |TAMS 0x00000000e3200000, 0x00000000e3200000| Untracked 
|  51|0x00000000e3300000, 0x00000000e3300000, 0x00000000e3400000|  0%| F|  |TAMS 0x00000000e3300000, 0x00000000e3300000| Untracked 
|  52|0x00000000e3400000, 0x00000000e3400000, 0x00000000e3500000|  0%| F|  |TAMS 0x00000000e3400000, 0x00000000e3400000| Untracked 
|  53|0x00000000e3500000, 0x00000000e3500000, 0x00000000e3600000|  0%| F|  |TAMS 0x00000000e3500000, 0x00000000e3500000| Untracked 
|  54|0x00000000e3600000, 0x00000000e3600000, 0x00000000e3700000|  0%| F|  |TAMS 0x00000000e3600000, 0x00000000e3600000| Untracked 
|  55|0x00000000e3700000, 0x00000000e3700000, 0x00000000e3800000|  0%| F|  |TAMS 0x00000000e3700000, 0x00000000e3700000| Untracked 
|  56|0x00000000e3800000, 0x00000000e3800000, 0x00000000e3900000|  0%| F|  |TAMS 0x00000000e3800000, 0x00000000e3800000| Untracked 
|  57|0x00000000e3900000, 0x00000000e3900000, 0x00000000e3a00000|  0%| F|  |TAMS 0x00000000e3900000, 0x00000000e3900000| Untracked 
|  58|0x00000000e3a00000, 0x00000000e3a00000, 0x00000000e3b00000|  0%| F|  |TAMS 0x00000000e3a00000, 0x00000000e3a00000| Untracked 
|  59|0x00000000e3b00000, 0x00000000e3b00000, 0x00000000e3c00000|  0%| F|  |TAMS 0x00000000e3b00000, 0x00000000e3b00000| Untracked 
|  60|0x00000000e3c00000, 0x00000000e3c00000, 0x00000000e3d00000|  0%| F|  |TAMS 0x00000000e3c00000, 0x00000000e3c00000| Untracked 
|  61|0x00000000e3d00000, 0x00000000e3d00000, 0x00000000e3e00000|  0%| F|  |TAMS 0x00000000e3d00000, 0x00000000e3d00000| Untracked 
|  62|0x00000000e3e00000, 0x00000000e3e00000, 0x00000000e3f00000|  0%| F|  |TAMS 0x00000000e3e00000, 0x00000000e3e00000| Untracked 
|  63|0x00000000e3f00000, 0x00000000e3f00000, 0x00000000e4000000|  0%| F|  |TAMS 0x00000000e3f00000, 0x00000000e3f00000| Untracked 
|  64|0x00000000e4000000, 0x00000000e4000000, 0x00000000e4100000|  0%| F|  |TAMS 0x00000000e4000000, 0x00000000e4000000| Untracked 
|  65|0x00000000e4100000, 0x00000000e4100000, 0x00000000e4200000|  0%| F|  |TAMS 0x00000000e4100000, 0x00000000e4100000| Untracked 
|  66|0x00000000e4200000, 0x00000000e4200000, 0x00000000e4300000|  0%| F|  |TAMS 0x00000000e4200000, 0x00000000e4200000| Untracked 
|  67|0x00000000e4300000, 0x00000000e4300000, 0x00000000e4400000|  0%| F|  |TAMS 0x00000000e4300000, 0x00000000e4300000| Untracked 
|  68|0x00000000e4400000, 0x00000000e4400000, 0x00000000e4500000|  0%| F|  |TAMS 0x00000000e4400000, 0x00000000e4400000| Untracked 
|  69|0x00000000e4500000, 0x00000000e4500000, 0x00000000e4600000|  0%| F|  |TAMS 0x00000000e4500000, 0x00000000e4500000| Untracked 
|  70|0x00000000e4600000, 0x00000000e4600000, 0x00000000e4700000|  0%| F|  |TAMS 0x00000000e4600000, 0x00000000e4600000| Untracked 
|  71|0x00000000e4700000, 0x00000000e4700000, 0x00000000e4800000|  0%| F|  |TAMS 0x00000000e4700000, 0x00000000e4700000| Untracked 
|  72|0x00000000e4800000, 0x00000000e4800000, 0x00000000e4900000|  0%| F|  |TAMS 0x00000000e4800000, 0x00000000e4800000| Untracked 
|  73|0x00000000e4900000, 0x00000000e4900000, 0x00000000e4a00000|  0%| F|  |TAMS 0x00000000e4900000, 0x00000000e4900000| Untracked 
|  74|0x00000000e4a00000, 0x00000000e4a00000, 0x00000000e4b00000|  0%| F|  |TAMS 0x00000000e4a00000, 0x00000000e4a00000| Untracked 
|  75|0x00000000e4b00000, 0x00000000e4b00000, 0x00000000e4c00000|  0%| F|  |TAMS 0x00000000e4b00000, 0x00000000e4b00000| Untracked 
|  76|0x00000000e4c00000, 0x00000000e4c00000, 0x00000000e4d00000|  0%| F|  |TAMS 0x00000000e4c00000, 0x00000000e4c00000| Untracked 
|  77|0x00000000e4d00000, 0x00000000e4d00000, 0x00000000e4e00000|  0%| F|  |TAMS 0x00000000e4d00000, 0x00000000e4d00000| Untracked 
|  78|0x00000000e4e00000, 0x00000000e4e00000, 0x00000000e4f00000|  0%| F|  |TAMS 0x00000000e4e00000, 0x00000000e4e00000| Untracked 
|  79|0x00000000e4f00000, 0x00000000e4f00000, 0x00000000e5000000|  0%| F|  |TAMS 0x00000000e4f00000, 0x00000000e4f00000| Untracked 
|  80|0x00000000e5000000, 0x00000000e5000000, 0x00000000e5100000|  0%| F|  |TAMS 0x00000000e5000000, 0x00000000e5000000| Untracked 
|  81|0x00000000e5100000, 0x00000000e5100000, 0x00000000e5200000|  0%| F|  |TAMS 0x00000000e5100000, 0x00000000e5100000| Untracked 
|  82|0x00000000e5200000, 0x00000000e5200000, 0x00000000e5300000|  0%| F|  |TAMS 0x00000000e5200000, 0x00000000e5200000| Untracked 
|  83|0x00000000e5300000, 0x00000000e5300000, 0x00000000e5400000|  0%| F|  |TAMS 0x00000000e5300000, 0x00000000e5300000| Untracked 
|  84|0x00000000e5400000, 0x00000000e5400000, 0x00000000e5500000|  0%| F|  |TAMS 0x00000000e5400000, 0x00000000e5400000| Untracked 
|  85|0x00000000e5500000, 0x00000000e5500000, 0x00000000e5600000|  0%| F|  |TAMS 0x00000000e5500000, 0x00000000e5500000| Untracked 
|  86|0x00000000e5600000, 0x00000000e5600000, 0x00000000e5700000|  0%| F|  |TAMS 0x00000000e5600000, 0x00000000e5600000| Untracked 
|  87|0x00000000e5700000, 0x00000000e5800000, 0x00000000e5800000|100%| S|CS|TAMS 0x00000000e5700000, 0x00000000e5700000| Complete 
|  88|0x00000000e5800000, 0x00000000e5900000, 0x00000000e5900000|100%| S|CS|TAMS 0x00000000e5800000, 0x00000000e5800000| Complete 
|  89|0x00000000e5900000, 0x00000000e5a00000, 0x00000000e5a00000|100%| S|CS|TAMS 0x00000000e5900000, 0x00000000e5900000| Complete 
|  90|0x00000000e5a00000, 0x00000000e5b00000, 0x00000000e5b00000|100%| S|CS|TAMS 0x00000000e5a00000, 0x00000000e5a00000| Complete 
|  91|0x00000000e5b00000, 0x00000000e5c00000, 0x00000000e5c00000|100%| S|CS|TAMS 0x00000000e5b00000, 0x00000000e5b00000| Complete 
|  92|0x00000000e5c00000, 0x00000000e5d00000, 0x00000000e5d00000|100%| S|CS|TAMS 0x00000000e5c00000, 0x00000000e5c00000| Complete 
|  93|0x00000000e5d00000, 0x00000000e5e00000, 0x00000000e5e00000|100%| S|CS|TAMS 0x00000000e5d00000, 0x00000000e5d00000| Complete 
|  94|0x00000000e5e00000, 0x00000000e5f00000, 0x00000000e5f00000|100%| S|CS|TAMS 0x00000000e5e00000, 0x00000000e5e00000| Complete 
|  95|0x00000000e5f00000, 0x00000000e6000000, 0x00000000e6000000|100%| S|CS|TAMS 0x00000000e5f00000, 0x00000000e5f00000| Complete 
|  96|0x00000000e6000000, 0x00000000e6100000, 0x00000000e6100000|100%| S|CS|TAMS 0x00000000e6000000, 0x00000000e6000000| Complete 
|  97|0x00000000e6100000, 0x00000000e6200000, 0x00000000e6200000|100%| S|CS|TAMS 0x00000000e6100000, 0x00000000e6100000| Complete 
|  98|0x00000000e6200000, 0x00000000e6300000, 0x00000000e6300000|100%| S|CS|TAMS 0x00000000e6200000, 0x00000000e6200000| Complete 
|  99|0x00000000e6300000, 0x00000000e6300000, 0x00000000e6400000|  0%| F|  |TAMS 0x00000000e6300000, 0x00000000e6300000| Untracked 
| 100|0x00000000e6400000, 0x00000000e6400000, 0x00000000e6500000|  0%| F|  |TAMS 0x00000000e6400000, 0x00000000e6400000| Untracked 
| 101|0x00000000e6500000, 0x00000000e6500000, 0x00000000e6600000|  0%| F|  |TAMS 0x00000000e6500000, 0x00000000e6500000| Untracked 
| 102|0x00000000e6600000, 0x00000000e6600000, 0x00000000e6700000|  0%| F|  |TAMS 0x00000000e6600000, 0x00000000e6600000| Untracked 
| 103|0x00000000e6700000, 0x00000000e6700000, 0x00000000e6800000|  0%| F|  |TAMS 0x00000000e6700000, 0x00000000e6700000| Untracked 
| 104|0x00000000e6800000, 0x00000000e6800000, 0x00000000e6900000|  0%| F|  |TAMS 0x00000000e6800000, 0x00000000e6800000| Untracked 
| 105|0x00000000e6900000, 0x00000000e6900000, 0x00000000e6a00000|  0%| F|  |TAMS 0x00000000e6900000, 0x00000000e6900000| Untracked 
| 106|0x00000000e6a00000, 0x00000000e6a00000, 0x00000000e6b00000|  0%| F|  |TAMS 0x00000000e6a00000, 0x00000000e6a00000| Untracked 
| 107|0x00000000e6b00000, 0x00000000e6b00000, 0x00000000e6c00000|  0%| F|  |TAMS 0x00000000e6b00000, 0x00000000e6b00000| Untracked 
| 108|0x00000000e6c00000, 0x00000000e6c00000, 0x00000000e6d00000|  0%| F|  |TAMS 0x00000000e6c00000, 0x00000000e6c00000| Untracked 
| 109|0x00000000e6d00000, 0x00000000e6d00000, 0x00000000e6e00000|  0%| F|  |TAMS 0x00000000e6d00000, 0x00000000e6d00000| Untracked 
| 110|0x00000000e6e00000, 0x00000000e6e00000, 0x00000000e6f00000|  0%| F|  |TAMS 0x00000000e6e00000, 0x00000000e6e00000| Untracked 
| 111|0x00000000e6f00000, 0x00000000e6f00000, 0x00000000e7000000|  0%| F|  |TAMS 0x00000000e6f00000, 0x00000000e6f00000| Untracked 
| 112|0x00000000e7000000, 0x00000000e7000000, 0x00000000e7100000|  0%| F|  |TAMS 0x00000000e7000000, 0x00000000e7000000| Untracked 
| 113|0x00000000e7100000, 0x00000000e7100000, 0x00000000e7200000|  0%| F|  |TAMS 0x00000000e7100000, 0x00000000e7100000| Untracked 
| 114|0x00000000e7200000, 0x00000000e7200000, 0x00000000e7300000|  0%| F|  |TAMS 0x00000000e7200000, 0x00000000e7200000| Untracked 
| 115|0x00000000e7300000, 0x00000000e7300000, 0x00000000e7400000|  0%| F|  |TAMS 0x00000000e7300000, 0x00000000e7300000| Untracked 
| 116|0x00000000e7400000, 0x00000000e7500000, 0x00000000e7500000|100%| S|CS|TAMS 0x00000000e7400000, 0x00000000e7400000| Complete 
| 117|0x00000000e7500000, 0x00000000e7600000, 0x00000000e7600000|100%| S|CS|TAMS 0x00000000e7500000, 0x00000000e7500000| Complete 
| 118|0x00000000e7600000, 0x00000000e7700000, 0x00000000e7700000|100%| S|CS|TAMS 0x00000000e7600000, 0x00000000e7600000| Complete 
| 119|0x00000000e7700000, 0x00000000e7800000, 0x00000000e7800000|100%| S|CS|TAMS 0x00000000e7700000, 0x00000000e7700000| Complete 
| 120|0x00000000e7800000, 0x00000000e7900000, 0x00000000e7900000|100%| S|CS|TAMS 0x00000000e7800000, 0x00000000e7800000| Complete 
| 121|0x00000000e7900000, 0x00000000e7a00000, 0x00000000e7a00000|100%| S|CS|TAMS 0x00000000e7900000, 0x00000000e7900000| Complete 
| 122|0x00000000e7a00000, 0x00000000e7b00000, 0x00000000e7b00000|100%| S|CS|TAMS 0x00000000e7a00000, 0x00000000e7a00000| Complete 
| 123|0x00000000e7b00000, 0x00000000e7b00000, 0x00000000e7c00000|  0%| F|  |TAMS 0x00000000e7b00000, 0x00000000e7b00000| Untracked 
| 124|0x00000000e7c00000, 0x00000000e7c00000, 0x00000000e7d00000|  0%| F|  |TAMS 0x00000000e7c00000, 0x00000000e7c00000| Untracked 
| 125|0x00000000e7d00000, 0x00000000e7d00000, 0x00000000e7e00000|  0%| F|  |TAMS 0x00000000e7d00000, 0x00000000e7d00000| Untracked 
| 126|0x00000000e7e00000, 0x00000000e7e00000, 0x00000000e7f00000|  0%| F|  |TAMS 0x00000000e7e00000, 0x00000000e7e00000| Untracked 
| 127|0x00000000e7f00000, 0x00000000e7f00000, 0x00000000e8000000|  0%| F|  |TAMS 0x00000000e7f00000, 0x00000000e7f00000| Untracked 
| 128|0x00000000e8000000, 0x00000000e8000000, 0x00000000e8100000|  0%| F|  |TAMS 0x00000000e8000000, 0x00000000e8000000| Untracked 
| 129|0x00000000e8100000, 0x00000000e8100000, 0x00000000e8200000|  0%| F|  |TAMS 0x00000000e8100000, 0x00000000e8100000| Untracked 
| 130|0x00000000e8200000, 0x00000000e8200000, 0x00000000e8300000|  0%| F|  |TAMS 0x00000000e8200000, 0x00000000e8200000| Untracked 
| 131|0x00000000e8300000, 0x00000000e8300000, 0x00000000e8400000|  0%| F|  |TAMS 0x00000000e8300000, 0x00000000e8300000| Untracked 
| 132|0x00000000e8400000, 0x00000000e8400000, 0x00000000e8500000|  0%| F|  |TAMS 0x00000000e8400000, 0x00000000e8400000| Untracked 
| 133|0x00000000e8500000, 0x00000000e8500000, 0x00000000e8600000|  0%| F|  |TAMS 0x00000000e8500000, 0x00000000e8500000| Untracked 
| 134|0x00000000e8600000, 0x00000000e8600000, 0x00000000e8700000|  0%| F|  |TAMS 0x00000000e8600000, 0x00000000e8600000| Untracked 
| 135|0x00000000e8700000, 0x00000000e8700000, 0x00000000e8800000|  0%| F|  |TAMS 0x00000000e8700000, 0x00000000e8700000| Untracked 
| 136|0x00000000e8800000, 0x00000000e8800000, 0x00000000e8900000|  0%| F|  |TAMS 0x00000000e8800000, 0x00000000e8800000| Untracked 
| 137|0x00000000e8900000, 0x00000000e8900000, 0x00000000e8a00000|  0%| F|  |TAMS 0x00000000e8900000, 0x00000000e8900000| Untracked 
| 138|0x00000000e8a00000, 0x00000000e8a00000, 0x00000000e8b00000|  0%| F|  |TAMS 0x00000000e8a00000, 0x00000000e8a00000| Untracked 
| 139|0x00000000e8b00000, 0x00000000e8b00000, 0x00000000e8c00000|  0%| F|  |TAMS 0x00000000e8b00000, 0x00000000e8b00000| Untracked 
| 140|0x00000000e8c00000, 0x00000000e8c00000, 0x00000000e8d00000|  0%| F|  |TAMS 0x00000000e8c00000, 0x00000000e8c00000| Untracked 
| 141|0x00000000e8d00000, 0x00000000e8d00000, 0x00000000e8e00000|  0%| F|  |TAMS 0x00000000e8d00000, 0x00000000e8d00000| Untracked 
| 142|0x00000000e8e00000, 0x00000000e8e00000, 0x00000000e8f00000|  0%| F|  |TAMS 0x00000000e8e00000, 0x00000000e8e00000| Untracked 
| 143|0x00000000e8f00000, 0x00000000e8f00000, 0x00000000e9000000|  0%| F|  |TAMS 0x00000000e8f00000, 0x00000000e8f00000| Untracked 
| 144|0x00000000e9000000, 0x00000000e9000000, 0x00000000e9100000|  0%| F|  |TAMS 0x00000000e9000000, 0x00000000e9000000| Untracked 
| 145|0x00000000e9100000, 0x00000000e9100000, 0x00000000e9200000|  0%| F|  |TAMS 0x00000000e9100000, 0x00000000e9100000| Untracked 
| 146|0x00000000e9200000, 0x00000000e9200000, 0x00000000e9300000|  0%| F|  |TAMS 0x00000000e9200000, 0x00000000e9200000| Untracked 
| 147|0x00000000e9300000, 0x00000000e9300000, 0x00000000e9400000|  0%| F|  |TAMS 0x00000000e9300000, 0x00000000e9300000| Untracked 
| 148|0x00000000e9400000, 0x00000000e9400000, 0x00000000e9500000|  0%| F|  |TAMS 0x00000000e9400000, 0x00000000e9400000| Untracked 
| 149|0x00000000e9500000, 0x00000000e9500000, 0x00000000e9600000|  0%| F|  |TAMS 0x00000000e9500000, 0x00000000e9500000| Untracked 
| 150|0x00000000e9600000, 0x00000000e9600000, 0x00000000e9700000|  0%| F|  |TAMS 0x00000000e9600000, 0x00000000e9600000| Untracked 
| 151|0x00000000e9700000, 0x00000000e9700000, 0x00000000e9800000|  0%| F|  |TAMS 0x00000000e9700000, 0x00000000e9700000| Untracked 
| 152|0x00000000e9800000, 0x00000000e9800000, 0x00000000e9900000|  0%| F|  |TAMS 0x00000000e9800000, 0x00000000e9800000| Untracked 
| 153|0x00000000e9900000, 0x00000000e9900000, 0x00000000e9a00000|  0%| F|  |TAMS 0x00000000e9900000, 0x00000000e9900000| Untracked 
| 154|0x00000000e9a00000, 0x00000000e9a00000, 0x00000000e9b00000|  0%| F|  |TAMS 0x00000000e9a00000, 0x00000000e9a00000| Untracked 
| 155|0x00000000e9b00000, 0x00000000e9b00000, 0x00000000e9c00000|  0%| F|  |TAMS 0x00000000e9b00000, 0x00000000e9b00000| Untracked 
| 156|0x00000000e9c00000, 0x00000000e9c00000, 0x00000000e9d00000|  0%| F|  |TAMS 0x00000000e9c00000, 0x00000000e9c00000| Untracked 
| 157|0x00000000e9d00000, 0x00000000e9d00000, 0x00000000e9e00000|  0%| F|  |TAMS 0x00000000e9d00000, 0x00000000e9d00000| Untracked 
| 158|0x00000000e9e00000, 0x00000000e9e00000, 0x00000000e9f00000|  0%| F|  |TAMS 0x00000000e9e00000, 0x00000000e9e00000| Untracked 
| 159|0x00000000e9f00000, 0x00000000e9f00000, 0x00000000ea000000|  0%| F|  |TAMS 0x00000000e9f00000, 0x00000000e9f00000| Untracked 
| 160|0x00000000ea000000, 0x00000000ea000000, 0x00000000ea100000|  0%| F|  |TAMS 0x00000000ea000000, 0x00000000ea000000| Untracked 
| 161|0x00000000ea100000, 0x00000000ea100000, 0x00000000ea200000|  0%| F|  |TAMS 0x00000000ea100000, 0x00000000ea100000| Untracked 
| 162|0x00000000ea200000, 0x00000000ea200000, 0x00000000ea300000|  0%| F|  |TAMS 0x00000000ea200000, 0x00000000ea200000| Untracked 
| 163|0x00000000ea300000, 0x00000000ea300000, 0x00000000ea400000|  0%| F|  |TAMS 0x00000000ea300000, 0x00000000ea300000| Untracked 
| 164|0x00000000ea400000, 0x00000000ea400000, 0x00000000ea500000|  0%| F|  |TAMS 0x00000000ea400000, 0x00000000ea400000| Untracked 
| 165|0x00000000ea500000, 0x00000000ea500000, 0x00000000ea600000|  0%| F|  |TAMS 0x00000000ea500000, 0x00000000ea500000| Untracked 
| 166|0x00000000ea600000, 0x00000000ea600000, 0x00000000ea700000|  0%| F|  |TAMS 0x00000000ea600000, 0x00000000ea600000| Untracked 
| 167|0x00000000ea700000, 0x00000000ea700000, 0x00000000ea800000|  0%| F|  |TAMS 0x00000000ea700000, 0x00000000ea700000| Untracked 
| 168|0x00000000ea800000, 0x00000000ea800000, 0x00000000ea900000|  0%| F|  |TAMS 0x00000000ea800000, 0x00000000ea800000| Untracked 
| 169|0x00000000ea900000, 0x00000000ea900000, 0x00000000eaa00000|  0%| F|  |TAMS 0x00000000ea900000, 0x00000000ea900000| Untracked 
| 170|0x00000000eaa00000, 0x00000000eaa00000, 0x00000000eab00000|  0%| F|  |TAMS 0x00000000eaa00000, 0x00000000eaa00000| Untracked 
| 171|0x00000000eab00000, 0x00000000eab00000, 0x00000000eac00000|  0%| F|  |TAMS 0x00000000eab00000, 0x00000000eab00000| Untracked 
| 172|0x00000000eac00000, 0x00000000eac00000, 0x00000000ead00000|  0%| F|  |TAMS 0x00000000eac00000, 0x00000000eac00000| Untracked 
| 173|0x00000000ead00000, 0x00000000ead00000, 0x00000000eae00000|  0%| F|  |TAMS 0x00000000ead00000, 0x00000000ead00000| Untracked 
| 174|0x00000000eae00000, 0x00000000eae00000, 0x00000000eaf00000|  0%| F|  |TAMS 0x00000000eae00000, 0x00000000eae00000| Untracked 
| 175|0x00000000eaf00000, 0x00000000eaf00000, 0x00000000eb000000|  0%| F|  |TAMS 0x00000000eaf00000, 0x00000000eaf00000| Untracked 
| 176|0x00000000eb000000, 0x00000000eb000000, 0x00000000eb100000|  0%| F|  |TAMS 0x00000000eb000000, 0x00000000eb000000| Untracked 
| 177|0x00000000eb100000, 0x00000000eb100000, 0x00000000eb200000|  0%| F|  |TAMS 0x00000000eb100000, 0x00000000eb100000| Untracked 
| 178|0x00000000eb200000, 0x00000000eb200000, 0x00000000eb300000|  0%| F|  |TAMS 0x00000000eb200000, 0x00000000eb200000| Untracked 
| 179|0x00000000eb300000, 0x00000000eb300000, 0x00000000eb400000|  0%| F|  |TAMS 0x00000000eb300000, 0x00000000eb300000| Untracked 
| 180|0x00000000eb400000, 0x00000000eb400000, 0x00000000eb500000|  0%| F|  |TAMS 0x00000000eb400000, 0x00000000eb400000| Untracked 
| 181|0x00000000eb500000, 0x00000000eb500000, 0x00000000eb600000|  0%| F|  |TAMS 0x00000000eb500000, 0x00000000eb500000| Untracked 
| 182|0x00000000eb600000, 0x00000000eb600000, 0x00000000eb700000|  0%| F|  |TAMS 0x00000000eb600000, 0x00000000eb600000| Untracked 
| 183|0x00000000eb700000, 0x00000000eb700000, 0x00000000eb800000|  0%| F|  |TAMS 0x00000000eb700000, 0x00000000eb700000| Untracked 
| 184|0x00000000eb800000, 0x00000000eb800000, 0x00000000eb900000|  0%| F|  |TAMS 0x00000000eb800000, 0x00000000eb800000| Untracked 
| 185|0x00000000eb900000, 0x00000000eb900000, 0x00000000eba00000|  0%| F|  |TAMS 0x00000000eb900000, 0x00000000eb900000| Untracked 
| 186|0x00000000eba00000, 0x00000000eba00000, 0x00000000ebb00000|  0%| F|  |TAMS 0x00000000eba00000, 0x00000000eba00000| Untracked 
| 187|0x00000000ebb00000, 0x00000000ebb00000, 0x00000000ebc00000|  0%| F|  |TAMS 0x00000000ebb00000, 0x00000000ebb00000| Untracked 
| 188|0x00000000ebc00000, 0x00000000ebc00000, 0x00000000ebd00000|  0%| F|  |TAMS 0x00000000ebc00000, 0x00000000ebc00000| Untracked 
| 189|0x00000000ebd00000, 0x00000000ebd00000, 0x00000000ebe00000|  0%| F|  |TAMS 0x00000000ebd00000, 0x00000000ebd00000| Untracked 
| 190|0x00000000ebe00000, 0x00000000ebe00000, 0x00000000ebf00000|  0%| F|  |TAMS 0x00000000ebe00000, 0x00000000ebe00000| Untracked 
| 191|0x00000000ebf00000, 0x00000000ebf00000, 0x00000000ec000000|  0%| F|  |TAMS 0x00000000ebf00000, 0x00000000ebf00000| Untracked 
| 192|0x00000000ec000000, 0x00000000ec000000, 0x00000000ec100000|  0%| F|  |TAMS 0x00000000ec000000, 0x00000000ec000000| Untracked 
| 193|0x00000000ec100000, 0x00000000ec100000, 0x00000000ec200000|  0%| F|  |TAMS 0x00000000ec100000, 0x00000000ec100000| Untracked 
| 194|0x00000000ec200000, 0x00000000ec200000, 0x00000000ec300000|  0%| F|  |TAMS 0x00000000ec200000, 0x00000000ec200000| Untracked 
| 195|0x00000000ec300000, 0x00000000ec300000, 0x00000000ec400000|  0%| F|  |TAMS 0x00000000ec300000, 0x00000000ec300000| Untracked 
| 196|0x00000000ec400000, 0x00000000ec400000, 0x00000000ec500000|  0%| F|  |TAMS 0x00000000ec400000, 0x00000000ec400000| Untracked 
| 197|0x00000000ec500000, 0x00000000ec500000, 0x00000000ec600000|  0%| F|  |TAMS 0x00000000ec500000, 0x00000000ec500000| Untracked 
| 198|0x00000000ec600000, 0x00000000ec600000, 0x00000000ec700000|  0%| F|  |TAMS 0x00000000ec600000, 0x00000000ec600000| Untracked 
| 199|0x00000000ec700000, 0x00000000ec700000, 0x00000000ec800000|  0%| F|  |TAMS 0x00000000ec700000, 0x00000000ec700000| Untracked 
| 200|0x00000000ec800000, 0x00000000ec800000, 0x00000000ec900000|  0%| F|  |TAMS 0x00000000ec800000, 0x00000000ec800000| Untracked 
| 201|0x00000000ec900000, 0x00000000ec900000, 0x00000000eca00000|  0%| F|  |TAMS 0x00000000ec900000, 0x00000000ec900000| Untracked 
| 202|0x00000000eca00000, 0x00000000eca00000, 0x00000000ecb00000|  0%| F|  |TAMS 0x00000000eca00000, 0x00000000eca00000| Untracked 
| 203|0x00000000ecb00000, 0x00000000ecb00000, 0x00000000ecc00000|  0%| F|  |TAMS 0x00000000ecb00000, 0x00000000ecb00000| Untracked 
| 204|0x00000000ecc00000, 0x00000000ecc00000, 0x00000000ecd00000|  0%| F|  |TAMS 0x00000000ecc00000, 0x00000000ecc00000| Untracked 
| 205|0x00000000ecd00000, 0x00000000ecd00000, 0x00000000ece00000|  0%| F|  |TAMS 0x00000000ecd00000, 0x00000000ecd00000| Untracked 
| 206|0x00000000ece00000, 0x00000000ece00000, 0x00000000ecf00000|  0%| F|  |TAMS 0x00000000ece00000, 0x00000000ece00000| Untracked 
| 207|0x00000000ecf00000, 0x00000000ecf00000, 0x00000000ed000000|  0%| F|  |TAMS 0x00000000ecf00000, 0x00000000ecf00000| Untracked 
| 208|0x00000000ed000000, 0x00000000ed000000, 0x00000000ed100000|  0%| F|  |TAMS 0x00000000ed000000, 0x00000000ed000000| Untracked 
| 209|0x00000000ed100000, 0x00000000ed100000, 0x00000000ed200000|  0%| F|  |TAMS 0x00000000ed100000, 0x00000000ed100000| Untracked 
| 210|0x00000000ed200000, 0x00000000ed200000, 0x00000000ed300000|  0%| F|  |TAMS 0x00000000ed200000, 0x00000000ed200000| Untracked 
| 211|0x00000000ed300000, 0x00000000ed300000, 0x00000000ed400000|  0%| F|  |TAMS 0x00000000ed300000, 0x00000000ed300000| Untracked 
| 212|0x00000000ed400000, 0x00000000ed400000, 0x00000000ed500000|  0%| F|  |TAMS 0x00000000ed400000, 0x00000000ed400000| Untracked 
| 213|0x00000000ed500000, 0x00000000ed500000, 0x00000000ed600000|  0%| F|  |TAMS 0x00000000ed500000, 0x00000000ed500000| Untracked 
| 214|0x00000000ed600000, 0x00000000ed600000, 0x00000000ed700000|  0%| F|  |TAMS 0x00000000ed600000, 0x00000000ed600000| Untracked 
| 215|0x00000000ed700000, 0x00000000ed700000, 0x00000000ed800000|  0%| F|  |TAMS 0x00000000ed700000, 0x00000000ed700000| Untracked 
| 216|0x00000000ed800000, 0x00000000ed800000, 0x00000000ed900000|  0%| F|  |TAMS 0x00000000ed800000, 0x00000000ed800000| Untracked 
| 217|0x00000000ed900000, 0x00000000ed900000, 0x00000000eda00000|  0%| F|  |TAMS 0x00000000ed900000, 0x00000000ed900000| Untracked 
| 218|0x00000000eda00000, 0x00000000eda00000, 0x00000000edb00000|  0%| F|  |TAMS 0x00000000eda00000, 0x00000000eda00000| Untracked 
| 219|0x00000000edb00000, 0x00000000edb00000, 0x00000000edc00000|  0%| F|  |TAMS 0x00000000edb00000, 0x00000000edb00000| Untracked 
| 220|0x00000000edc00000, 0x00000000edc00000, 0x00000000edd00000|  0%| F|  |TAMS 0x00000000edc00000, 0x00000000edc00000| Untracked 
| 221|0x00000000edd00000, 0x00000000edd00000, 0x00000000ede00000|  0%| F|  |TAMS 0x00000000edd00000, 0x00000000edd00000| Untracked 
| 222|0x00000000ede00000, 0x00000000ede00000, 0x00000000edf00000|  0%| F|  |TAMS 0x00000000ede00000, 0x00000000ede00000| Untracked 
| 223|0x00000000edf00000, 0x00000000edf00000, 0x00000000ee000000|  0%| F|  |TAMS 0x00000000edf00000, 0x00000000edf00000| Untracked 
| 224|0x00000000ee000000, 0x00000000ee000000, 0x00000000ee100000|  0%| F|  |TAMS 0x00000000ee000000, 0x00000000ee000000| Untracked 
| 225|0x00000000ee100000, 0x00000000ee100000, 0x00000000ee200000|  0%| F|  |TAMS 0x00000000ee100000, 0x00000000ee100000| Untracked 
| 226|0x00000000ee200000, 0x00000000ee200000, 0x00000000ee300000|  0%| F|  |TAMS 0x00000000ee200000, 0x00000000ee200000| Untracked 
| 227|0x00000000ee300000, 0x00000000ee300000, 0x00000000ee400000|  0%| F|  |TAMS 0x00000000ee300000, 0x00000000ee300000| Untracked 
| 228|0x00000000ee400000, 0x00000000ee400000, 0x00000000ee500000|  0%| F|  |TAMS 0x00000000ee400000, 0x00000000ee400000| Untracked 
| 229|0x00000000ee500000, 0x00000000ee500000, 0x00000000ee600000|  0%| F|  |TAMS 0x00000000ee500000, 0x00000000ee500000| Untracked 
| 230|0x00000000ee600000, 0x00000000ee600000, 0x00000000ee700000|  0%| F|  |TAMS 0x00000000ee600000, 0x00000000ee600000| Untracked 
| 231|0x00000000ee700000, 0x00000000ee700000, 0x00000000ee800000|  0%| F|  |TAMS 0x00000000ee700000, 0x00000000ee700000| Untracked 
| 232|0x00000000ee800000, 0x00000000ee800000, 0x00000000ee900000|  0%| F|  |TAMS 0x00000000ee800000, 0x00000000ee800000| Untracked 
| 233|0x00000000ee900000, 0x00000000ee900000, 0x00000000eea00000|  0%| F|  |TAMS 0x00000000ee900000, 0x00000000ee900000| Untracked 
| 234|0x00000000eea00000, 0x00000000eea00000, 0x00000000eeb00000|  0%| F|  |TAMS 0x00000000eea00000, 0x00000000eea00000| Untracked 
| 235|0x00000000eeb00000, 0x00000000eeb00000, 0x00000000eec00000|  0%| F|  |TAMS 0x00000000eeb00000, 0x00000000eeb00000| Untracked 
| 236|0x00000000eec00000, 0x00000000eec00000, 0x00000000eed00000|  0%| F|  |TAMS 0x00000000eec00000, 0x00000000eec00000| Untracked 
| 237|0x00000000eed00000, 0x00000000eed00000, 0x00000000eee00000|  0%| F|  |TAMS 0x00000000eed00000, 0x00000000eed00000| Untracked 
| 238|0x00000000eee00000, 0x00000000eee00000, 0x00000000eef00000|  0%| F|  |TAMS 0x00000000eee00000, 0x00000000eee00000| Untracked 
| 239|0x00000000eef00000, 0x00000000eef00000, 0x00000000ef000000|  0%| F|  |TAMS 0x00000000eef00000, 0x00000000eef00000| Untracked 
| 240|0x00000000ef000000, 0x00000000ef000000, 0x00000000ef100000|  0%| F|  |TAMS 0x00000000ef000000, 0x00000000ef000000| Untracked 
| 241|0x00000000ef100000, 0x00000000ef100000, 0x00000000ef200000|  0%| F|  |TAMS 0x00000000ef100000, 0x00000000ef100000| Untracked 
| 242|0x00000000ef200000, 0x00000000ef200000, 0x00000000ef300000|  0%| F|  |TAMS 0x00000000ef200000, 0x00000000ef200000| Untracked 
| 243|0x00000000ef300000, 0x00000000ef300000, 0x00000000ef400000|  0%| F|  |TAMS 0x00000000ef300000, 0x00000000ef300000| Untracked 
| 244|0x00000000ef400000, 0x00000000ef400000, 0x00000000ef500000|  0%| F|  |TAMS 0x00000000ef400000, 0x00000000ef400000| Untracked 
| 245|0x00000000ef500000, 0x00000000ef500000, 0x00000000ef600000|  0%| F|  |TAMS 0x00000000ef500000, 0x00000000ef500000| Untracked 
| 246|0x00000000ef600000, 0x00000000ef600000, 0x00000000ef700000|  0%| F|  |TAMS 0x00000000ef600000, 0x00000000ef600000| Untracked 
| 247|0x00000000ef700000, 0x00000000ef700000, 0x00000000ef800000|  0%| F|  |TAMS 0x00000000ef700000, 0x00000000ef700000| Untracked 
| 248|0x00000000ef800000, 0x00000000ef800000, 0x00000000ef900000|  0%| F|  |TAMS 0x00000000ef800000, 0x00000000ef800000| Untracked 
| 249|0x00000000ef900000, 0x00000000ef900000, 0x00000000efa00000|  0%| F|  |TAMS 0x00000000ef900000, 0x00000000ef900000| Untracked 
| 250|0x00000000efa00000, 0x00000000efa00000, 0x00000000efb00000|  0%| F|  |TAMS 0x00000000efa00000, 0x00000000efa00000| Untracked 
| 251|0x00000000efb00000, 0x00000000efb00000, 0x00000000efc00000|  0%| F|  |TAMS 0x00000000efb00000, 0x00000000efb00000| Untracked 
| 252|0x00000000efc00000, 0x00000000efd00000, 0x00000000efd00000|100%| E|  |TAMS 0x00000000efc00000, 0x00000000efc00000| Complete 
| 253|0x00000000efd00000, 0x00000000efe00000, 0x00000000efe00000|100%| E|CS|TAMS 0x00000000efd00000, 0x00000000efd00000| Complete 
| 254|0x00000000efe00000, 0x00000000eff00000, 0x00000000eff00000|100%| E|CS|TAMS 0x00000000efe00000, 0x00000000efe00000| Complete 
| 255|0x00000000eff00000, 0x00000000f0000000, 0x00000000f0000000|100%| E|CS|TAMS 0x00000000eff00000, 0x00000000eff00000| Complete 

Card table byte_map: [0x000001a35bb20000,0x000001a35bc20000] _byte_map_base: 0x000001a35b420000

Marking Bits (Prev, Next): (CMBitMap*) 0x000001a3442ea5d8, (CMBitMap*) 0x000001a3442ea618
 Prev Bits: [0x000001a35bd20000, 0x000001a35c520000)
 Next Bits: [0x000001a35c520000, 0x000001a35cd20000)

Polling page: 0x000001a3421e0000

Metaspace:

Usage:
  Non-class:     41.98 MB capacity,    40.96 MB ( 98%) used,   887.78 KB (  2%) free+waste,   160.38 KB ( <1%) overhead. 
      Class:      7.16 MB capacity,     6.55 MB ( 92%) used,   539.26 KB (  7%) free+waste,    78.94 KB (  1%) overhead. 
       Both:     49.14 MB capacity,    47.51 MB ( 97%) used,     1.39 MB (  3%) free+waste,   239.31 KB ( <1%) overhead. 

Virtual space:
  Non-class space:       42.00 MB reserved,      42.00 MB (100%) committed 
      Class space:      248.00 MB reserved,       7.25 MB (  3%) committed 
             Both:      290.00 MB reserved,      49.25 MB ( 17%) committed 

Chunk freelists:
   Non-Class:  2.13 KB
       Class:  0 bytes
        Both:  2.13 KB

CodeHeap 'non-profiled nmethods': size=120000Kb used=3832Kb max_used=3832Kb free=116167Kb
 bounds [0x000001a3541b0000, 0x000001a354570000, 0x000001a35b6e0000]
CodeHeap 'profiled nmethods': size=120000Kb used=13075Kb max_used=13075Kb free=106924Kb
 bounds [0x000001a34cc80000, 0x000001a34d950000, 0x000001a3541b0000]
CodeHeap 'non-nmethods': size=5760Kb used=2252Kb max_used=2318Kb free=3508Kb
 bounds [0x000001a34c6e0000, 0x000001a34c950000, 0x000001a34cc80000]
 total_blobs=8978 nmethods=6017 adapters=720
 compilation: enabled
              stopped_count=0, restarted_count=0
 full_count=0

Compilation events (10 events):
Event: 7.405 Thread 0x000001a35f76b800 nmethod 6609 0x000001a354554790 code [0x000001a354554940, 0x000001a354554a78]
Event: 7.405 Thread 0x000001a35f76b800 6610       1       org.gradle.api.internal.tasks.compile.incremental.processing.AnnotationProcessingData::getGeneratedTypesByOrigin (5 bytes)
Event: 7.405 Thread 0x000001a35f76b800 nmethod 6610 0x000001a354554b10 code [0x000001a354554cc0, 0x000001a354554df8]
Event: 7.405 Thread 0x000001a35f76b800 6611       1       org.gradle.api.internal.tasks.compile.incremental.processing.AnnotationProcessingData::getGeneratedResourcesByOrigin (5 bytes)
Event: 7.405 Thread 0x000001a35f76b800 nmethod 6611 0x000001a354554e90 code [0x000001a354555040, 0x000001a354555178]
Event: 7.427 Thread 0x000001a361b82000 nmethod 6530 0x000001a354555210 code [0x000001a354555440, 0x000001a354555ee8]
Event: 7.427 Thread 0x000001a361b82000 6529       4       com.google.common.collect.ImmutableSet$Builder::build (165 bytes)
Event: 7.434 Thread 0x000001a361b82000 nmethod 6529 0x000001a354556790 code [0x000001a354556980, 0x000001a354556f08]
Event: 7.434 Thread 0x000001a361b82000 6544       4       org.gradle.api.internal.tasks.compile.incremental.deps.DependentsSet::dependents (52 bytes)
Event: 7.437 Thread 0x000001a35f76b800 6612       1       jdk.internal.reflect.ClassFileAssembler::setMaxLocals (6 bytes)

GC Heap History (10 events):
Event: 3.023 GC heap before
{Heap before GC invocations=2 (full 0):
 garbage-first heap   total 262144K, used 31553K [0x00000000e0000000, 0x0000000100000000)
  region size 1024K, 27 young (27648K), 13 survivors (13312K)
 Metaspace       used 20530K, capacity 21153K, committed 21248K, reserved 272384K
  class space    used 3084K, capacity 3308K, committed 3328K, reserved 253952K
}
Event: 3.031 GC heap after
{Heap after GC invocations=3 (full 0):
 garbage-first heap   total 262144K, used 18950K [0x00000000e0000000, 0x0000000100000000)
  region size 1024K, 11 young (11264K), 11 survivors (11264K)
 Metaspace       used 20530K, capacity 21153K, committed 21248K, reserved 272384K
  class space    used 3084K, capacity 3308K, committed 3328K, reserved 253952K
}
Event: 3.956 GC heap before
{Heap before GC invocations=4 (full 0):
 garbage-first heap   total 262144K, used 92678K [0x00000000e0000000, 0x0000000100000000)
  region size 1024K, 80 young (81920K), 11 survivors (11264K)
 Metaspace       used 31885K, capacity 32759K, committed 32896K, reserved 282624K
  class space    used 4343K, capacity 4638K, committed 4736K, reserved 253952K
}
Event: 3.963 GC heap after
{Heap after GC invocations=5 (full 0):
 garbage-first heap   total 262144K, used 24008K [0x00000000e0000000, 0x0000000100000000)
  region size 1024K, 6 young (6144K), 6 survivors (6144K)
 Metaspace       used 31885K, capacity 32759K, committed 32896K, reserved 282624K
  class space    used 4343K, capacity 4638K, committed 4736K, reserved 253952K
}
Event: 4.293 GC heap before
{Heap before GC invocations=5 (full 0):
 garbage-first heap   total 262144K, used 58824K [0x00000000e0000000, 0x0000000100000000)
  region size 1024K, 41 young (41984K), 6 survivors (6144K)
 Metaspace       used 34618K, capacity 35507K, committed 35584K, reserved 284672K
  class space    used 4757K, capacity 5063K, committed 5120K, reserved 253952K
}
Event: 4.301 GC heap after
{Heap after GC invocations=6 (full 0):
 garbage-first heap   total 262144K, used 24970K [0x00000000e0000000, 0x0000000100000000)
  region size 1024K, 7 young (7168K), 7 survivors (7168K)
 Metaspace       used 34618K, capacity 35507K, committed 35584K, reserved 284672K
  class space    used 4757K, capacity 5063K, committed 5120K, reserved 253952K
}
Event: 5.932 GC heap before
{Heap before GC invocations=7 (full 0):
 garbage-first heap   total 262144K, used 161162K [0x00000000e0000000, 0x0000000100000000)
  region size 1024K, 140 young (143360K), 7 survivors (7168K)
 Metaspace       used 44715K, capacity 46193K, committed 46336K, reserved 294912K
  class space    used 6232K, capacity 6793K, committed 6912K, reserved 253952K
}
Event: 5.942 GC heap after
{Heap after GC invocations=8 (full 0):
 garbage-first heap   total 262144K, used 34627K [0x00000000e0000000, 0x0000000100000000)
  region size 1024K, 17 young (17408K), 17 survivors (17408K)
 Metaspace       used 44715K, capacity 46193K, committed 46336K, reserved 294912K
  class space    used 6232K, capacity 6793K, committed 6912K, reserved 253952K
}
Event: 7.407 GC heap before
{Heap before GC invocations=8 (full 0):
 garbage-first heap   total 262144K, used 169795K [0x00000000e0000000, 0x0000000100000000)
  region size 1024K, 150 young (153600K), 17 survivors (17408K)
 Metaspace       used 47091K, capacity 48733K, committed 48896K, reserved 296960K
  class space    used 6500K, capacity 7099K, committed 7168K, reserved 253952K
}
Event: 7.426 GC heap after
{Heap after GC invocations=9 (full 0):
 garbage-first heap   total 262144K, used 45602K [0x00000000e0000000, 0x0000000100000000)
  region size 1024K, 19 young (19456K), 19 survivors (19456K)
 Metaspace       used 47091K, capacity 48733K, committed 48896K, reserved 296960K
  class space    used 6500K, capacity 7099K, committed 7168K, reserved 253952K
}

Deoptimization events (10 events):
Event: 6.478 Thread 0x000001a366d85000 Uncommon trap: reason=class_check action=maybe_recompile pc=0x000001a35438e648 method=io.spring.gradle.dependencymanagement.org.apache.maven.model.interpolation.StringSearchModelInterpolator$InterpolateObjectAction.interpolateMapField(Ljava/lang/Object;Lj
Event: 6.515 Thread 0x000001a366d85000 Uncommon trap: reason=unstable_if action=reinterpret pc=0x000001a35433e92c method=java.lang.String.equalsIgnoreCase(Ljava/lang/String;)Z @ 36 c2
Event: 6.521 Thread 0x000001a366d85000 Uncommon trap: reason=unstable_if action=reinterpret pc=0x000001a35424acb8 method=java.lang.String.replace(CC)Ljava/lang/String; @ 2 c2
Event: 6.921 Thread 0x000001a366d85000 Uncommon trap: reason=predicate action=maybe_recompile pc=0x000001a3545070dc method=java.util.AbstractCollection.toArray([Ljava/lang/Object;)[Ljava/lang/Object; @ 43 c2
Event: 6.950 Thread 0x000001a366d85000 Uncommon trap: reason=array_check action=maybe_recompile pc=0x000001a35450aa2c method=java.util.AbstractCollection.toArray([Ljava/lang/Object;)[Ljava/lang/Object; @ 116 c2
Event: 6.950 Thread 0x000001a366d85000 Uncommon trap: reason=array_check action=maybe_recompile pc=0x000001a35450aa2c method=java.util.AbstractCollection.toArray([Ljava/lang/Object;)[Ljava/lang/Object; @ 116 c2
Event: 6.950 Thread 0x000001a366d85000 Uncommon trap: reason=array_check action=maybe_recompile pc=0x000001a35450aa2c method=java.util.AbstractCollection.toArray([Ljava/lang/Object;)[Ljava/lang/Object; @ 116 c2
Event: 6.950 Thread 0x000001a366d85000 Uncommon trap: reason=array_check action=maybe_recompile pc=0x000001a35450aa2c method=java.util.AbstractCollection.toArray([Ljava/lang/Object;)[Ljava/lang/Object; @ 116 c2
Event: 7.055 Thread 0x000001a366d85000 Uncommon trap: reason=bimorphic_or_optimized_type_check action=maybe_recompile pc=0x000001a354309698 method=java.util.AbstractCollection.addAll(Ljava/util/Collection;)Z @ 29 c2
Event: 7.159 Thread 0x000001a366d85000 Uncommon trap: reason=unstable_if action=reinterpret pc=0x000001a3544950f8 method=java.util.HashMap$HashIterator.<init>(Ljava/util/HashMap;)V @ 45 c2

Classes redefined (0 events):
No events

Internal exceptions (10 events):
Event: 5.477 Thread 0x000001a366d85000 Exception <a 'java/lang/ClassNotFoundException'{0x00000000e88b0bd8}: org/gradle/api/tasks/SourceTaskBeanInfo> (0x00000000e88b0bd8) thrown at [t:/workspace/open/src/hotspot/share/classfile/systemDictionary.cpp, line 235]
Event: 5.478 Thread 0x000001a366d85000 Exception <a 'java/lang/ClassNotFoundException'{0x00000000e88beb78}: org/gradle/api/tasks/SourceTaskCustomizer> (0x00000000e88beb78) thrown at [t:/workspace/open/src/hotspot/share/classfile/systemDictionary.cpp, line 235]
Event: 5.478 Thread 0x000001a36274d800 Exception <a 'java/lang/NoSuchMethodError'{0x00000000e88643a8}: <clinit>> (0x00000000e88643a8) thrown at [t:/workspace/open/src/hotspot/share/prims/jni.cpp, line 1362]
Event: 5.485 Thread 0x000001a366d85000 Exception <a 'java/lang/ClassNotFoundException'{0x00000000e88fbfb8}: org/gradle/api/tasks/compile/AbstractCompileCustomizer> (0x00000000e88fbfb8) thrown at [t:/workspace/open/src/hotspot/share/classfile/systemDictionary.cpp, line 235]
Event: 5.487 Thread 0x000001a366d85000 Exception <a 'java/lang/ClassNotFoundException'{0x00000000e872cd90}: org/gradle/api/tasks/compile/JavaCompileCustomizer> (0x00000000e872cd90) thrown at [t:/workspace/open/src/hotspot/share/classfile/systemDictionary.cpp, line 235]
Event: 5.489 Thread 0x000001a366d85000 Exception <a 'java/lang/ClassNotFoundException'{0x00000000e8763de0}: org/gradle/api/tasks/compile/JavaCompile_DecoratedCustomizer> (0x00000000e8763de0) thrown at [t:/workspace/open/src/hotspot/share/classfile/systemDictionary.cpp, line 235]
Event: 5.497 Thread 0x000001a366d85000 Exception <a 'java/lang/ClassNotFoundException'{0x00000000e87ffae0}: java/lang/ClassBeanInfo> (0x00000000e87ffae0) thrown at [t:/workspace/open/src/hotspot/share/classfile/systemDictionary.cpp, line 235]
Event: 5.497 Thread 0x000001a366d85000 Exception <a 'java/lang/ClassNotFoundException'{0x00000000e8606580}: java/lang/ClassCustomizer> (0x00000000e8606580) thrown at [t:/workspace/open/src/hotspot/share/classfile/systemDictionary.cpp, line 235]
Event: 7.182 Thread 0x000001a366d85000 Exception <a 'java/lang/NoSuchMethodError'{0x00000000e9a450b0}: java.lang.invoke.DirectMethodHandle$Holder.invokeStaticInit(Ljava/lang/Object;Ljava/lang/Object;Ljava/lang/Object;Ljava/lang/Object;Ljava/lang/Object;)I> (0x00000000e9a450b0) thrown at [t:/wo
Event: 7.212 Thread 0x000001a366d85000 Exception <a 'java/lang/NoSuchMethodError'{0x00000000e984ac68}: java.lang.invoke.DirectMethodHandle$Holder.invokeVirtual(Ljava/lang/Object;Ljava/lang/Object;)V> (0x00000000e984ac68) thrown at [t:/workspace/open/src/hotspot/share/interpreter/linkResolver.c

Events (10 events):
Event: 7.431 loading class org/gradle/api/internal/tasks/compile/incremental/classpath/DefaultClasspathEntrySnapshotter$EntryVisitor
Event: 7.431 loading class org/gradle/api/internal/tasks/compile/incremental/classpath/DefaultClasspathEntrySnapshotter$EntryVisitor done
Event: 7.436 loading class org/gradle/internal/hash/HashCode
Event: 7.436 loading class org/gradle/internal/hash/HashCode done
Event: 7.436 loading class org/gradle/api/internal/tasks/compile/incremental/deps/ClassAnalysis
Event: 7.436 loading class org/gradle/api/internal/tasks/compile/incremental/deps/ClassAnalysis done
Event: 7.436 loading class org/gradle/api/internal/tasks/compile/incremental/deps/ClassAnalysis
Event: 7.436 loading class org/gradle/api/internal/tasks/compile/incremental/deps/ClassAnalysis done
Event: 7.436 loading class org/gradle/api/internal/tasks/compile/incremental/analyzer/CachingClassDependenciesAnalyzer
Event: 7.436 loading class org/gradle/api/internal/tasks/compile/incremental/analyzer/CachingClassDependenciesAnalyzer done


Dynamic libraries:
0x00007ff63ff10000 - 0x00007ff63ff1f000 	C:\Program Files\Java\jdk-12.0.2\bin\java.exe
0x00007ffeffb10000 - 0x00007ffeffd05000 	C:\WINDOWS\SYSTEM32\ntdll.dll
0x00007ffeff850000 - 0x00007ffeff90d000 	C:\WINDOWS\System32\KERNEL32.DLL
0x00007ffefd250000 - 0x00007ffefd518000 	C:\WINDOWS\System32\KERNELBASE.dll
0x00007ffefd7a0000 - 0x00007ffefd8a0000 	C:\WINDOWS\System32\ucrtbase.dll
0x00007ffef6280000 - 0x00007ffef6296000 	C:\Program Files\Java\jdk-12.0.2\bin\VCRUNTIME140.dll
0x00007ffef6260000 - 0x00007ffef6278000 	C:\Program Files\Java\jdk-12.0.2\bin\jli.dll
0x00007ffefde30000 - 0x00007ffefdedc000 	C:\WINDOWS\System32\ADVAPI32.dll
0x00007ffeff9c0000 - 0x00007ffeffa5e000 	C:\WINDOWS\System32\msvcrt.dll
0x00007ffeff920000 - 0x00007ffeff9bb000 	C:\WINDOWS\System32\sechost.dll
0x00007ffefef60000 - 0x00007ffeff08b000 	C:\WINDOWS\System32\RPCRT4.dll
0x00007ffefdbd0000 - 0x00007ffefdd70000 	C:\WINDOWS\System32\USER32.dll
0x00007ffefd520000 - 0x00007ffefd542000 	C:\WINDOWS\System32\win32u.dll
0x00007ffefc6f0000 - 0x00007ffefc98a000 	C:\WINDOWS\WinSxS\amd64_microsoft.windows.common-controls_6595b64144ccf1df_6.0.19041.844_none_ca00b6081b84eb1d\COMCTL32.dll
0x00007ffefea90000 - 0x00007ffefeaba000 	C:\WINDOWS\System32\GDI32.dll
0x00007ffefd920000 - 0x00007ffefda2b000 	C:\WINDOWS\System32\gdi32full.dll
0x00007ffefd700000 - 0x00007ffefd79d000 	C:\WINDOWS\System32\msvcp_win.dll
0x00007ffef6c10000 - 0x00007ffef6c1a000 	C:\WINDOWS\SYSTEM32\VERSION.dll
0x00007ffefdd70000 - 0x00007ffefdda0000 	C:\WINDOWS\System32\IMM32.DLL
0x00007ffedfb90000 - 0x00007ffedfc3a000 	C:\Program Files\Java\jdk-12.0.2\bin\msvcp140.dll
0x00007ffebd2a0000 - 0x00007ffebde17000 	C:\Program Files\Java\jdk-12.0.2\bin\server\jvm.dll
0x00007ffeff840000 - 0x00007ffeff848000 	C:\WINDOWS\System32\PSAPI.DLL
0x00007ffeebb30000 - 0x00007ffeebb39000 	C:\WINDOWS\SYSTEM32\WSOCK32.dll
0x00007ffeed0f0000 - 0x00007ffeed117000 	C:\WINDOWS\SYSTEM32\WINMM.dll
0x00007ffeffa60000 - 0x00007ffeffacb000 	C:\WINDOWS\System32\WS2_32.dll
0x00007ffefa4e0000 - 0x00007ffefa4f2000 	C:\WINDOWS\SYSTEM32\kernel.appcore.dll
0x00007ffef6140000 - 0x00007ffef6151000 	C:\Program Files\Java\jdk-12.0.2\bin\verify.dll
0x00007ffefcb80000 - 0x00007ffefcd64000 	C:\WINDOWS\SYSTEM32\DBGHELP.DLL
0x00007ffefc9b0000 - 0x00007ffefc9dc000 	C:\WINDOWS\SYSTEM32\dbgcore.DLL
0x00007ffefd8a0000 - 0x00007ffefd920000 	C:\WINDOWS\System32\bcryptPrimitives.dll
0x00007ffef60d0000 - 0x00007ffef60f6000 	C:\Program Files\Java\jdk-12.0.2\bin\java.dll
0x00007ffef5fe0000 - 0x00007ffef5ff7000 	C:\Program Files\Java\jdk-12.0.2\bin\zip.dll
0x00007ffef68a0000 - 0x00007ffef68aa000 	C:\Program Files\Java\jdk-12.0.2\bin\jimage.dll
0x00007ffeff090000 - 0x00007ffeff7d2000 	C:\WINDOWS\System32\SHELL32.dll
0x00007ffefa6e0000 - 0x00007ffefae71000 	C:\WINDOWS\SYSTEM32\windows.storage.dll
0x00007ffefec00000 - 0x00007ffefef55000 	C:\WINDOWS\System32\combase.dll
0x00007ffefc440000 - 0x00007ffefc46c000 	C:\WINDOWS\SYSTEM32\Wldp.dll
0x00007ffefe9d0000 - 0x00007ffefea7e000 	C:\WINDOWS\System32\SHCORE.dll
0x00007ffefdb70000 - 0x00007ffefdbc5000 	C:\WINDOWS\System32\shlwapi.dll
0x00007ffefd190000 - 0x00007ffefd1af000 	C:\WINDOWS\SYSTEM32\profapi.dll
0x00007ffef5fc0000 - 0x00007ffef5fd9000 	C:\Program Files\Java\jdk-12.0.2\bin\net.dll
0x00007ffef20b0000 - 0x00007ffef21bb000 	C:\WINDOWS\SYSTEM32\WINHTTP.dll
0x00007ffef15a0000 - 0x00007ffef178e000 	C:\WINDOWS\SYSTEM32\urlmon.dll
0x00007ffef1d80000 - 0x00007ffef2030000 	C:\WINDOWS\SYSTEM32\iertutil.dll
0x00007ffefc2c0000 - 0x00007ffefc32a000 	C:\WINDOWS\system32\mswsock.dll
0x00007ffef44e0000 - 0x00007ffef44f3000 	C:\Program Files\Java\jdk-12.0.2\bin\nio.dll
0x00007ffeebf10000 - 0x00007ffeebf37000 	C:\Users\Andrey\.gradle\native\fdc75f09e3144964f2cf3f50f0aa648679c211496f362492102eb8c894070792\windows-amd64\native-platform.dll
0x00007ffec2b50000 - 0x00007ffec2ce6000 	C:\Users\Andrey\.gradle\native\12488b8bf47d2d4c9fbf2f6322a914ad602e24e48041cd04a747c6da556b65c4\windows-amd64\native-platform-file-events.dll
0x00007ffef6130000 - 0x00007ffef6139000 	C:\Program Files\Java\jdk-12.0.2\bin\management.dll
0x00007ffef5fb0000 - 0x00007ffef5fbc000 	C:\Program Files\Java\jdk-12.0.2\bin\management_ext.dll
0x00007ffefcf10000 - 0x00007ffefcf28000 	C:\WINDOWS\SYSTEM32\CRYPTSP.dll
0x00007ffefbca0000 - 0x00007ffefbcd4000 	C:\WINDOWS\system32\rsaenh.dll
0x00007ffefda90000 - 0x00007ffefdab7000 	C:\WINDOWS\System32\bcrypt.dll
0x00007ffefd150000 - 0x00007ffefd17e000 	C:\WINDOWS\SYSTEM32\USERENV.dll
0x00007ffefc550000 - 0x00007ffefc55c000 	C:\WINDOWS\SYSTEM32\CRYPTBASE.dll
0x00007ffefbfd0000 - 0x00007ffefc00b000 	C:\WINDOWS\SYSTEM32\IPHLPAPI.DLL
0x00007ffefea80000 - 0x00007ffefea88000 	C:\WINDOWS\System32\NSI.dll
0x00007ffef5200000 - 0x00007ffef5217000 	C:\WINDOWS\SYSTEM32\dhcpcsvc6.DLL
0x00007ffef58e0000 - 0x00007ffef58fd000 	C:\WINDOWS\SYSTEM32\dhcpcsvc.DLL
0x00007ffefc010000 - 0x00007ffefc0dc000 	C:\WINDOWS\SYSTEM32\DNSAPI.dll
0x00007ffef6370000 - 0x00007ffef637b000 	C:\WINDOWS\SYSTEM32\WINNSI.DLL

dbghelp: loaded successfully - version: 4.0.5 - missing functions: none
symbol engine: initialized successfully - sym options: 0x614 - pdb path: .;C:\Program Files\Java\jdk-12.0.2\bin;C:\WINDOWS\SYSTEM32;C:\WINDOWS\WinSxS\amd64_microsoft.windows.common-controls_6595b64144ccf1df_6.0.19041.844_none_ca00b6081b84eb1d;C:\Program Files\Java\jdk-12.0.2\bin\server;C:\Users\Andrey\.gradle\native\fdc75f09e3144964f2cf3f50f0aa648679c211496f362492102eb8c894070792\windows-amd64;C:\Users\Andrey\.gradle\native\12488b8bf47d2d4c9fbf2f6322a914ad602e24e48041cd04a747c6da556b65c4\windows-amd64

VM Arguments:
jvm_args: --add-opens=java.base/java.util=ALL-UNNAMED --add-opens=java.base/java.lang=ALL-UNNAMED --add-opens=java.base/java.lang.invoke=ALL-UNNAMED --add-opens=java.prefs/java.util.prefs=ALL-UNNAMED -XX:MaxMetaspaceSize=256m -XX:+HeapDumpOnOutOfMemoryError -Xms256m -Xmx512m -Dfile.encoding=windows-1251 -Duser.country=US -Duser.language=en -Duser.variant 
java_command: org.gradle.launcher.daemon.bootstrap.GradleDaemon 6.8.3
java_class_path (initial): C:\Users\Andrey\.gradle\wrapper\dists\gradle-6.8.3-bin\7ykxq50lst7lb7wx1nijpicxn\gradle-6.8.3\lib\gradle-launcher-6.8.3.jar
Launcher Type: SUN_STANDARD

[Global flags]
     intx CICompilerCount                          = 4                                         {product} {ergonomic}
   size_t CompressedClassSpaceSize                 = 260046848                                 {product} {ergonomic}
     uint ConcGCThreads                            = 2                                         {product} {ergonomic}
     uint G1ConcRefinementThreads                  = 8                                         {product} {ergonomic}
   size_t G1HeapRegionSize                         = 1048576                                   {product} {ergonomic}
    uintx GCDrainStackTargetSize                   = 64                                        {product} {ergonomic}
     bool HeapDumpOnOutOfMemoryError               = true                                   {manageable} {command line}
   size_t InitialHeapSize                          = 268435456                                 {product} {command line}
   size_t MarkStackSize                            = 4194304                                   {product} {ergonomic}
   size_t MaxHeapSize                              = 536870912                                 {product} {command line}
   size_t MaxMetaspaceSize                         = 268435456                                 {product} {command line}
   size_t MaxNewSize                               = 321912832                                 {product} {ergonomic}
   size_t MinHeapDeltaBytes                        = 1048576                                   {product} {ergonomic}
    uintx NonNMethodCodeHeapSize                   = 5836300                                {pd product} {ergonomic}
    uintx NonProfiledCodeHeapSize                  = 122910970                              {pd product} {ergonomic}
    uintx ProfiledCodeHeapSize                     = 122910970                              {pd product} {ergonomic}
    uintx ReservedCodeCacheSize                    = 251658240                              {pd product} {ergonomic}
     bool SegmentedCodeCache                       = true                                      {product} {ergonomic}
     bool UseCompressedClassPointers               = true                                 {lp64_product} {ergonomic}
     bool UseCompressedOops                        = true                                 {lp64_product} {ergonomic}
     bool UseG1GC                                  = true                                      {product} {ergonomic}
     bool UseLargePagesIndividualAllocation        = false                                  {pd product} {ergonomic}

Logging:
Log output configuration:
 #0: stdout all=warning uptime,level,tags
 #1: stderr all=off uptime,level,tags

Environment Variables:
PATH=C:\Windows\system32;C:\Windows;C:\Windows\System32\Wbem;C:\Windows\System32\WindowsPowerShell\v1.0\;C:\Program Files (x86)\NVIDIA Corporation\PhysX\Common;C:\WINDOWS\system32;C:\WINDOWS;C:\WINDOWS\System32\Wbem;C:\WINDOWS\System32\WindowsPowerShell\v1.0\;D:\Program Files\OpenVPN\bin;C:\WINDOWS\System32\OpenSSH\;C:\Program Files\Git\cmd;C:\Users\Andrey\AppData\Local\Programs\Python\Python39\Scripts\;C:\Users\Andrey\AppData\Local\Programs\Python\Python39\;C:\Users\Andrey\AppData\Local\Microsoft\WindowsApps;
USERNAME=Andrey
OS=Windows_NT
PROCESSOR_IDENTIFIER=Intel64 Family 6 Model 45 Stepping 7, GenuineIntel



---------------  S Y S T E M  ---------------

OS: Windows 10 , 64 bit Build 19041 (10.0.19041.928)

CPU:total 8 (initial active 8) (4 cores per cpu, 2 threads per core) family 6 model 45 stepping 7, cmov, cx8, fxsr, mmx, sse, sse2, sse3, ssse3, sse4.1, sse4.2, popcnt, avx, aes, clmul, ht, tsc, tscinvbit, tscinv

Memory: 4k page, system-wide physical 16323M (9378M free)
TotalPageFile size 31457M (AvailPageFile size 20394M)
current process WorkingSet (physical memory assigned to process): 410M, peak: 410M
current process commit charge ("private bytes"): 504M, peak: 506M

vm_info: Java HotSpot(TM) 64-Bit Server VM (12.0.2+10) for windows-amd64 JRE (12.0.2+10), built on Jul 16 2019 01:56:17 by "mach5one" with MS VC++ 15.5 (VS2017)

END.
